2020-05-06 09:00:32 +0000  Initial pipeline context: <IDEDistributionProcessingPipelineContext: 0x7fdc815d6560; archive(resolved)='<IDEArchive: 0x7fdc84db9e60>', distributionTask(resolved)='2', distributionDestination(resolved)='1', distributionMethod(resolved)='<IDEDistributionMethodAdHoc: 0x7fdc86ac1800>', team(resolved)='<IDEProvisioningDisambiguatableBasicTeam: 0x7fdc960e3c30; teamID='YE3AD4YMQ5', teamName='Xiamen Newyea Science And Technology Co.,LTD.', teamType='Company', username='newyea0592@126.com', isFreeProvisioningTeam='0'>'>
	Chain (13, self inclusive):
	<IDEDistributionProcessingPipelineContext: 0x7fdc815d6560; archive = '<IDEArchive: 0x7fdc84db9e60>', distributionMethod='<IDEDistributionMethodAdHoc: 0x7fdc86ac1800>', team='<IDEProvisioningDisambiguatableBasicTeam: 0x7fdc960e3c30; teamID='YE3AD4YMQ5', teamName='Xiamen Newyea Science And Technology Co.,LTD.', teamType='Company', username='newyea0592@126.com', isFreeProvisioningTeam='0'>'>
	<IDEDistributionProcessingPipelineContext: 0x7fdc7f5d3570; archive = '<IDEArchive: 0x7fdc84db9e60>', distributionMethod='<IDEDistributionMethodAdHoc: 0x7fdc86ac1800>', team='<IDEProvisioningDisambiguatableBasicTeam: 0x7fdc960e3c30; teamID='YE3AD4YMQ5', teamName='Xiamen Newyea Science And Technology Co.,LTD.', teamType='Company', username='newyea0592@126.com', isFreeProvisioningTeam='0'>'>
	<IDEDistributionContext: 0x7fdc93dde060; archive = '<IDEArchive: 0x7fdc84db9e60>', distributionMethod='<IDEDistributionMethodAdHoc: 0x7fdc86ac1800>', team='<IDEProvisioningDisambiguatableBasicTeam: 0x7fdc960e3c30; teamID='YE3AD4YMQ5', teamName='Xiamen Newyea Science And Technology Co.,LTD.', teamType='Company', username='newyea0592@126.com', isFreeProvisioningTeam='0'>'>
	<IDEDistributionContext: 0x7fdc81730820; archive = '<IDEArchive: 0x7fdc84db9e60>', distributionMethod='<IDEDistributionMethodAdHoc: 0x7fdc86ac1800>', team='<IDEProvisioningDisambiguatableBasicTeam: 0x7fdc960e3c30; teamID='YE3AD4YMQ5', teamName='Xiamen Newyea Science And Technology Co.,LTD.', teamType='Company', username='newyea0592@126.com', isFreeProvisioningTeam='0'>'>
	<IDEDistributionContext: 0x7fdc836a4ed0; archive = '<IDEArchive: 0x7fdc84db9e60>', distributionMethod='<IDEDistributionMethodAdHoc: 0x7fdc86ac1800>', team='<IDEProvisioningDisambiguatableBasicTeam: 0x7fdc960e3c30; teamID='YE3AD4YMQ5', teamName='Xiamen Newyea Science And Technology Co.,LTD.', teamType='Company', username='newyea0592@126.com', isFreeProvisioningTeam='0'>'>
	<IDEDistributionContext: 0x7fdc8368db40; archive = '<IDEArchive: 0x7fdc84db9e60>', distributionMethod='<IDEDistributionMethodAdHoc: 0x7fdc86ac1800>', team='<IDEProvisioningDisambiguatableBasicTeam: 0x7fdc960e3c30; teamID='YE3AD4YMQ5', teamName='Xiamen Newyea Science And Technology Co.,LTD.', teamType='Company', username='newyea0592@126.com', isFreeProvisioningTeam='0'>'>
	<IDEDistributionContext: 0x7fdc83648c30; archive = '<IDEArchive: 0x7fdc84db9e60>', distributionMethod='<IDEDistributionMethodAdHoc: 0x7fdc86ac1800>', team='<IDEProvisioningDisambiguatableBasicTeam: 0x7fdc960e3c30; teamID='YE3AD4YMQ5', teamName='Xiamen Newyea Science And Technology Co.,LTD.', teamType='Company', username='newyea0592@126.com', isFreeProvisioningTeam='0'>'>
	<IDEDistributionContext: 0x7fdc9b77c740; archive = '<IDEArchive: 0x7fdc84db9e60>', distributionMethod='<IDEDistributionMethodAdHoc: 0x7fdc86ac1800>', team='<IDEProvisioningDisambiguatableBasicTeam: 0x7fdc960e3c30; teamID='YE3AD4YMQ5', teamName='Xiamen Newyea Science And Technology Co.,LTD.', teamType='Company', username='newyea0592@126.com', isFreeProvisioningTeam='0'>'>
	<IDEDistributionContext: 0x7fdc9533e340; archive = '<IDEArchive: 0x7fdc84db9e60>', distributionMethod='<IDEDistributionMethodAdHoc: 0x7fdc86ac1800>', team='<IDEProvisioningDisambiguatableBasicTeam: 0x7fdc960e3c30; teamID='YE3AD4YMQ5', teamName='Xiamen Newyea Science And Technology Co.,LTD.', teamType='Company', username='newyea0592@126.com', isFreeProvisioningTeam='0'>'>
	<IDEDistributionContext: 0x7fdc836632f0; archive = '<IDEArchive: 0x7fdc84db9e60>', distributionMethod='<IDEDistributionMethodAdHoc: 0x7fdc86ac1800>', team='(null)'>
	<IDEDistributionContext: 0x7fdc84d61a60; archive = '<IDEArchive: 0x7fdc84db9e60>', distributionMethod='<IDEDistributionMethodAdHoc: 0x7fdc86ac1800>', team='(null)'>
	<IDEDistributionContext: 0x7fdc84d5c360; archive = '<IDEArchive: 0x7fdc84db9e60>', distributionMethod='<IDEDistributionMethodAdHoc: 0x7fdc86ac1800>', team='(null)'>
	<IDEDistributionContext: 0x7fdc84d39e10; archive = '<IDEArchive: 0x7fdc84db9e60>', distributionMethod='(null)', team='(null)'>
</IDEDistributionProcessingPipelineContext: 0x7fdc815d6560>
2020-05-06 09:00:32 +0000  Processing step: IDEDistributionCreateDestRootStep
2020-05-06 09:00:32 +0000  Processing step: IDEDistributionCopyItemStep
2020-05-06 09:00:32 +0000  Running /usr/bin/ditto '-V' '/Users/newyea/Library/Developer/Xcode/Archives/2020-05-06/StarCharge 2020-5-6, 5.00 PM.xcarchive/Products/Applications/StarCharge.app' '/var/folders/g2/b8rl1gld7md8dqjrt3jpfhmr0000gn/T/XcodeDistPipeline.~~~eFpGOX/Root/Payload/StarCharge.app'
2020-05-06 09:00:32 +0000  >>> Copying /Users/newyea/Library/Developer/Xcode/Archives/2020-05-06/StarCharge 2020-5-6, 5.00 PM.xcarchive/Products/Applications/StarCharge.app 
2020-05-06 09:00:32 +0000  copying file ./_CodeSignature/CodeResources ... 
2020-05-06 09:00:32 +0000  67506 bytes for ./_CodeSignature/CodeResources
2020-05-06 09:00:32 +0000  copying file ./CodeScan.bundle/qrcode_scan_full_net.png ... 
2020-05-06 09:00:32 +0000  4878 bytes for ./CodeScan.bundle/qrcode_scan_full_net.png
2020-05-06 09:00:32 +0000  copying file ./CodeScan.bundle/qrcode_scan_btn_scan_off@2x.png ... 
2020-05-06 09:00:32 +0000  956 bytes for ./CodeScan.bundle/qrcode_scan_btn_scan_off@2x.png
2020-05-06 09:00:32 +0000  copying file ./CodeScan.bundle/device_scan@2x.png ... 
2020-05-06 09:00:32 +0000  336 bytes for ./CodeScan.bundle/device_scan@2x.png
2020-05-06 09:00:32 +0000  copying file ./CodeScan.bundle/qrcode_scan_btn_photo_down@2x.png ... 
2020-05-06 09:00:32 +0000  980 bytes for ./CodeScan.bundle/qrcode_scan_btn_photo_down@2x.png
2020-05-06 09:00:32 +0000  copying file ./CodeScan.bundle/qrcode_scan_btn_myqrcode_nor@2x.png ... 
2020-05-06 09:00:32 +0000  1603 bytes for ./CodeScan.bundle/qrcode_scan_btn_myqrcode_nor@2x.png
2020-05-06 09:00:32 +0000  copying file ./CodeScan.bundle/qrcode_scan_btn_photo_nor@2x.png ... 
2020-05-06 09:00:32 +0000  1243 bytes for ./CodeScan.bundle/qrcode_scan_btn_photo_nor@2x.png
2020-05-06 09:00:32 +0000  copying file ./CodeScan.bundle/qrcode_scan_btn_myqrcode_down@2x.png ... 
2020-05-06 09:00:32 +0000  1327 bytes for ./CodeScan.bundle/qrcode_scan_btn_myqrcode_down@2x.png
2020-05-06 09:00:32 +0000  copying file ./CodeScan.bundle/qrcode_scan_btn_flash_down@2x.png ... 
2020-05-06 09:00:32 +0000  938 bytes for ./CodeScan.bundle/qrcode_scan_btn_flash_down@2x.png
copying file ./CodeScan.bundle/qrcode_Scan_weixin_Line@2x.png ... 
2020-05-06 09:00:32 +0000  1500 bytes for ./CodeScan.bundle/qrcode_Scan_weixin_Line@2x.png
2020-05-06 09:00:32 +0000  copying file ./CodeScan.bundle/qrcode_scan_part_net.png ... 
2020-05-06 09:00:32 +0000  4637 bytes for ./CodeScan.bundle/qrcode_scan_part_net.png
copying file ./CodeScan.bundle/qrcode_scan_btn_flash_nor@2x.png ... 
2020-05-06 09:00:32 +0000  1173 bytes for ./CodeScan.bundle/qrcode_scan_btn_flash_nor@2x.png
2020-05-06 09:00:32 +0000  copying file ./CodeScan.bundle/qrcode_scan_titlebar_back_nor@2x.png ... 
2020-05-06 09:00:32 +0000  185 bytes for ./CodeScan.bundle/qrcode_scan_titlebar_back_nor@2x.png
2020-05-06 09:00:32 +0000  copying file ./CodeScan.bundle/qrcode_scan_titlebar_back_pressed@2x.png ... 
2020-05-06 09:00:32 +0000  164 bytes for ./CodeScan.bundle/qrcode_scan_titlebar_back_pressed@2x.png
2020-05-06 09:00:32 +0000  copying file ./CodeScan.bundle/qrcode_scan_light_green@2x.png ... 
2020-05-06 09:00:32 +0000  801 bytes for ./CodeScan.bundle/qrcode_scan_light_green@2x.png
2020-05-06 09:00:32 +0000  copying file ./AboutusTableFooterView.nib ... 
2020-05-06 09:00:32 +0000  3538 bytes for ./AboutusTableFooterView.nib
copying file ./ChargePayTypeCell.nib ... 
2020-05-06 09:00:32 +0000  4484 bytes for ./ChargePayTypeCell.nib
copying file ./LaunchImage-1100-Portrait-2436h@3x.png ... 
2020-05-06 09:00:32 +0000  75351 bytes for ./LaunchImage-1100-Portrait-2436h@3x.png
2020-05-06 09:00:32 +0000  copying file ./ChargePayPopView.nib/objects-11.0+.nib ... 
2020-05-06 09:00:32 +0000  5035 bytes for ./ChargePayPopView.nib/objects-11.0+.nib
2020-05-06 09:00:32 +0000  copying file ./ChargePayPopView.nib/runtime.nib ... 
2020-05-06 09:00:32 +0000  5166 bytes for ./ChargePayPopView.nib/runtime.nib
2020-05-06 09:00:32 +0000  copying file ./AlipaySDK.bundle/shutdown@2x.png ... 
2020-05-06 09:00:32 +0000  222 bytes for ./AlipaySDK.bundle/shutdown@2x.png
copying file ./AlipaySDK.bundle/refresh@2x.png ... 
2020-05-06 09:00:32 +0000  605 bytes for ./AlipaySDK.bundle/refresh@2x.png
2020-05-06 09:00:32 +0000  copying file ./AlipaySDK.bundle/refresh_click@2x.png ... 
2020-05-06 09:00:32 +0000  1824 bytes for ./AlipaySDK.bundle/refresh_click@2x.png
copying file ./AlipaySDK.bundle/shutdown_click@2x.png ... 
2020-05-06 09:00:32 +0000  1319 bytes for ./AlipaySDK.bundle/shutdown_click@2x.png
2020-05-06 09:00:32 +0000  copying file ./AlipaySDK.bundle/bridge.js ... 
2020-05-06 09:00:32 +0000  3159 bytes for ./AlipaySDK.bundle/bridge.js
copying file ./AlipaySDK.bundle/bar@2x.png ... 
2020-05-06 09:00:32 +0000  1011 bytes for ./AlipaySDK.bundle/bar@2x.png
2020-05-06 09:00:32 +0000  copying file ./AlipaySDK.bundle/alipay_msp_refresh@2x.png ... 
2020-05-06 09:00:32 +0000  663 bytes for ./AlipaySDK.bundle/alipay_msp_refresh@2x.png
2020-05-06 09:00:32 +0000  copying file ./AlipaySDK.bundle/alipay_msp_back@2x.png ... 
2020-05-06 09:00:32 +0000  409 bytes for ./AlipaySDK.bundle/alipay_msp_back@2x.png
2020-05-06 09:00:32 +0000  copying file ./HomePopMenuCell.nib ... 
2020-05-06 09:00:32 +0000  3362 bytes for ./HomePopMenuCell.nib
2020-05-06 09:00:32 +0000  copying file ./zbar-helpicons.png ... 
2020-05-06 09:00:32 +0000  18350 bytes for ./zbar-helpicons.png
2020-05-06 09:00:32 +0000  copying file ./StatusSummaryView.nib ... 
2020-05-06 09:00:32 +0000  1535 bytes for ./StatusSummaryView.nib
copying file ./zbar-samples.png ... 
2020-05-06 09:00:32 +0000  1181 bytes for ./zbar-samples.png
copying file ./Charging.gif ... 
2020-05-06 09:00:32 +0000  59448 bytes for ./Charging.gif
copying file ./InputCodeView.nib ... 
2020-05-06 09:00:32 +0000  3785 bytes for ./InputCodeView.nib
copying file ./ChargeOrderDetailsHeadView.nib ... 
2020-05-06 09:00:32 +0000  3677 bytes for ./ChargeOrderDetailsHeadView.nib
2020-05-06 09:00:32 +0000  copying file ./MoneyCell.nib/runtime.nib ... 
2020-05-06 09:00:32 +0000  3232 bytes for ./MoneyCell.nib/runtime.nib
2020-05-06 09:00:32 +0000  copying file ./MoneyCell.nib/objects-12.3+.nib ... 
2020-05-06 09:00:32 +0000  3442 bytes for ./MoneyCell.nib/objects-12.3+.nib
2020-05-06 09:00:32 +0000  copying file ./MJRefresh.bundle/zh-Hans.lproj/Localizable.strings ... 
2020-05-06 09:00:32 +0000  1196 bytes for ./MJRefresh.bundle/zh-Hans.lproj/Localizable.strings
2020-05-06 09:00:32 +0000  copying file ./MJRefresh.bundle/en.lproj/Localizable.strings ... 
2020-05-06 09:00:32 +0000  691 bytes for ./MJRefresh.bundle/en.lproj/Localizable.strings
2020-05-06 09:00:32 +0000  copying file ./MJRefresh.bundle/arrow@2x.png ... 
2020-05-06 09:00:32 +0000  1033 bytes for ./MJRefresh.bundle/arrow@2x.png
2020-05-06 09:00:32 +0000  copying file ./MJRefresh.bundle/zh-Hant.lproj/Localizable.strings ... 
2020-05-06 09:00:32 +0000  773 bytes for ./MJRefresh.bundle/zh-Hant.lproj/Localizable.strings
2020-05-06 09:00:32 +0000  copying file ./UMSocialSDKResources.bundle/UMSocialWaterMark/umsocial_defaultwatermark.png ... 
2020-05-06 09:00:32 +0000  3003 bytes for ./UMSocialSDKResources.bundle/UMSocialWaterMark/umsocial_defaultwatermark.png
2020-05-06 09:00:32 +0000  copying file ./UMSocialSDKResources.bundle/zh-Hans.lproj/UMSocialLocalizable.strings ... 
2020-05-06 09:00:32 +0000  6740 bytes for ./UMSocialSDKResources.bundle/zh-Hans.lproj/UMSocialLocalizable.strings
2020-05-06 09:00:32 +0000  copying file ./UMSocialSDKResources.bundle/en.lproj/UMSocialLocalizable.strings ... 
2020-05-06 09:00:32 +0000  6554 bytes for ./UMSocialSDKResources.bundle/en.lproj/UMSocialLocalizable.strings
2020-05-06 09:00:32 +0000  copying file ./UMSocialSDKResources.bundle/Buttons/UMS_nav_button_close@2x.png ... 
2020-05-06 09:00:32 +0000  500 bytes for ./UMSocialSDKResources.bundle/Buttons/UMS_nav_button_close@2x.png
copying file ./UMSocialSDKResources.bundle/Buttons/UMS_url_image@2x.png ... 
2020-05-06 09:00:32 +0000  1562 bytes for ./UMSocialSDKResources.bundle/Buttons/UMS_url_image@2x.png
copying file ./UMSocialSDKResources.bundle/Buttons/UMS_url_music@2x.png ... 
2020-05-06 09:00:32 +0000  1771 bytes for ./UMSocialSDKResources.bundle/Buttons/UMS_url_music@2x.png
2020-05-06 09:00:32 +0000  copying file ./UMSocialSDKResources.bundle/Buttons/UMS_add_friend_off@2x.png ... 
2020-05-06 09:00:32 +0000  134 bytes for ./UMSocialSDKResources.bundle/Buttons/UMS_add_friend_off@2x.png
2020-05-06 09:00:32 +0000  copying file ./UMSocialSDKResources.bundle/Buttons/UMS_delete_image_button_normal@2x.png ... 
2020-05-06 09:00:32 +0000  891 bytes for ./UMSocialSDKResources.bundle/Buttons/UMS_delete_image_button_normal@2x.png
2020-05-06 09:00:32 +0000  copying file ./UMSocialSDKResources.bundle/Buttons/UMS_nav_button_send@2x.png ... 
2020-05-06 09:00:32 +0000  1624 bytes for ./UMSocialSDKResources.bundle/Buttons/UMS_nav_button_send@2x.png
2020-05-06 09:00:32 +0000  copying file ./UMSocialSDKResources.bundle/Buttons/UMS_url_video@2x.png ... 
2020-05-06 09:00:32 +0000  2062 bytes for ./UMSocialSDKResources.bundle/Buttons/UMS_url_video@2x.png
2020-05-06 09:00:32 +0000  copying file ./UMSocialSDKResources.bundle/UMSocialPlatformTheme/default/umsocial_renren.png ... 
2020-05-06 09:00:32 +0000  1529 bytes for ./UMSocialSDKResources.bundle/UMSocialPlatformTheme/default/umsocial_renren.png
2020-05-06 09:00:32 +0000  copying file ./UMSocialSDKResources.bundle/UMSocialPlatformTheme/default/umsocial_default.png ... 
2020-05-06 09:00:32 +0000  4203 bytes for ./UMSocialSDKResources.bundle/UMSocialPlatformTheme/default/umsocial_default.png
2020-05-06 09:00:32 +0000  copying file ./UMSocialSDKResources.bundle/UMSocialPlatformTheme/default/umsocial_pinterest.png ... 
2020-05-06 09:00:32 +0000  1987 bytes for ./UMSocialSDKResources.bundle/UMSocialPlatformTheme/default/umsocial_pinterest.png
2020-05-06 09:00:32 +0000  copying file ./UMSocialSDKResources.bundle/UMSocialPlatformTheme/default/umsocial_alipay.png ... 
2020-05-06 09:00:32 +0000  1370 bytes for ./UMSocialSDKResources.bundle/UMSocialPlatformTheme/default/umsocial_alipay.png
2020-05-06 09:00:32 +0000  copying file ./UMSocialSDKResources.bundle/UMSocialPlatformTheme/default/umsocial_yixin_session.png ... 
2020-05-06 09:00:32 +0000  1833 bytes for ./UMSocialSDKResources.bundle/UMSocialPlatformTheme/default/umsocial_yixin_session.png
copying file ./UMSocialSDKResources.bundle/UMSocialPlatformTheme/default/umsocial_vkontakte.png ... 
2020-05-06 09:00:32 +0000  1867 bytes for ./UMSocialSDKResources.bundle/UMSocialPlatformTheme/default/umsocial_vkontakte.png
2020-05-06 09:00:32 +0000  copying file ./UMSocialSDKResources.bundle/UMSocialPlatformTheme/default/umsocial_tim.png ... 
2020-05-06 09:00:32 +0000  2597 bytes for ./UMSocialSDKResources.bundle/UMSocialPlatformTheme/default/umsocial_tim.png
copying file ./UMSocialSDKResources.bundle/UMSocialPlatformTheme/default/umsocial_lw_session.png ... 
2020-05-06 09:00:32 +0000  2391 bytes for ./UMSocialSDKResources.bundle/UMSocialPlatformTheme/default/umsocial_lw_session.png
2020-05-06 09:00:32 +0000  copying file ./UMSocialSDKResources.bundle/UMSocialPlatformTheme/default/umsocial_linkedin.png ... 
2020-05-06 09:00:32 +0000  1637 bytes for ./UMSocialSDKResources.bundle/UMSocialPlatformTheme/default/umsocial_linkedin.png
copying file ./UMSocialSDKResources.bundle/UMSocialPlatformTheme/default/umsocial_yixin_favorite.png ... 
2020-05-06 09:00:32 +0000  4145 bytes for ./UMSocialSDKResources.bundle/UMSocialPlatformTheme/default/umsocial_yixin_favorite.png
2020-05-06 09:00:32 +0000  copying file ./UMSocialSDKResources.bundle/UMSocialPlatformTheme/default/umsocial_youdaonote.png ... 
2020-05-06 09:00:32 +0000  1158 bytes for ./UMSocialSDKResources.bundle/UMSocialPlatformTheme/default/umsocial_youdaonote.png
copying file ./UMSocialSDKResources.bundle/UMSocialPlatformTheme/default/umsocial_flickr.png ... 
2020-05-06 09:00:32 +0000  979 bytes for ./UMSocialSDKResources.bundle/UMSocialPlatformTheme/default/umsocial_flickr.png
copying file ./UMSocialSDKResources.bundle/UMSocialPlatformTheme/default/umsocial_line.png ... 
2020-05-06 09:00:32 +0000  1720 bytes for ./UMSocialSDKResources.bundle/UMSocialPlatformTheme/default/umsocial_line.png
copying file ./UMSocialSDKResources.bundle/UMSocialPlatformTheme/default/umsocial_email.png ... 
2020-05-06 09:00:32 +0000  1211 bytes for ./UMSocialSDKResources.bundle/UMSocialPlatformTheme/default/umsocial_email.png
copying file ./UMSocialSDKResources.bundle/UMSocialPlatformTheme/default/umsocial_sms.png ... 
2020-05-06 09:00:32 +0000  1127 bytes for ./UMSocialSDKResources.bundle/UMSocialPlatformTheme/default/umsocial_sms.png
2020-05-06 09:00:32 +0000  copying file ./UMSocialSDKResources.bundle/UMSocialPlatformTheme/default/umsocial_evernote.png ... 
2020-05-06 09:00:32 +0000  1267 bytes for ./UMSocialSDKResources.bundle/UMSocialPlatformTheme/default/umsocial_evernote.png
copying file ./UMSocialSDKResources.bundle/UMSocialPlatformTheme/default/umsocial_twitter.png ... 
2020-05-06 09:00:32 +0000  1442 bytes for ./UMSocialSDKResources.bundle/UMSocialPlatformTheme/default/umsocial_twitter.png
copying file ./UMSocialSDKResources.bundle/UMSocialPlatformTheme/default/umsocial_whatsapp.png ... 
2020-05-06 09:00:32 +0000  1832 bytes for ./UMSocialSDKResources.bundle/UMSocialPlatformTheme/default/umsocial_whatsapp.png
copying file ./UMSocialSDKResources.bundle/UMSocialPlatformTheme/default/umsocial_googleplus.png ... 
2020-05-06 09:00:32 +0000  2320 bytes for ./UMSocialSDKResources.bundle/UMSocialPlatformTheme/default/umsocial_googleplus.png
copying file ./UMSocialSDKResources.bundle/UMSocialPlatformTheme/default/umsocial_douban.png ... 
2020-05-06 09:00:32 +0000  813 bytes for ./UMSocialSDKResources.bundle/UMSocialPlatformTheme/default/umsocial_douban.png
2020-05-06 09:00:32 +0000  copying file ./UMSocialSDKResources.bundle/UMSocialPlatformTheme/default/umsocial_lw_timeline.png ... 
2020-05-06 09:00:32 +0000  1139 bytes for ./UMSocialSDKResources.bundle/UMSocialPlatformTheme/default/umsocial_lw_timeline.png
copying file ./UMSocialSDKResources.bundle/UMSocialPlatformTheme/default/umsocial_facebook.png ... 
2020-05-06 09:00:32 +0000  1468 bytes for ./UMSocialSDKResources.bundle/UMSocialPlatformTheme/default/umsocial_facebook.png
copying file ./UMSocialSDKResources.bundle/UMSocialPlatformTheme/default/umsocial_dingding.png ... 
2020-05-06 09:00:32 +0000  1390 bytes for ./UMSocialSDKResources.bundle/UMSocialPlatformTheme/default/umsocial_dingding.png
copying file ./UMSocialSDKResources.bundle/UMSocialPlatformTheme/default/umsocial_wechat.png ... 
2020-05-06 09:00:32 +0000  1628 bytes for ./UMSocialSDKResources.bundle/UMSocialPlatformTheme/default/umsocial_wechat.png
copying file ./UMSocialSDKResources.bundle/UMSocialPlatformTheme/default/umsocial_yixin_timeline.png ... 
2020-05-06 09:00:32 +0000  2199 bytes for ./UMSocialSDKResources.bundle/UMSocialPlatformTheme/default/umsocial_yixin_timeline.png
copying file ./UMSocialSDKResources.bundle/UMSocialPlatformTheme/default/umsocial_dropbox.png ... 
2020-05-06 09:00:32 +0000  1692 bytes for ./UMSocialSDKResources.bundle/UMSocialPlatformTheme/default/umsocial_dropbox.png
copying file ./UMSocialSDKResources.bundle/UMSocialPlatformTheme/default/umsocial_pocket.png ... 
2020-05-06 09:00:32 +0000  1405 bytes for ./UMSocialSDKResources.bundle/UMSocialPlatformTheme/default/umsocial_pocket.png
copying file ./UMSocialSDKResources.bundle/UMSocialPlatformTheme/default/umsocial_wechat_timeline.png ... 
2020-05-06 09:00:32 +0000  1506 bytes for ./UMSocialSDKResources.bundle/UMSocialPlatformTheme/default/umsocial_wechat_timeline.png
2020-05-06 09:00:32 +0000  copying file ./UMSocialSDKResources.bundle/UMSocialPlatformTheme/default/umsocial_tencentWB.png ... 
2020-05-06 09:00:32 +0000  1943 bytes for ./UMSocialSDKResources.bundle/UMSocialPlatformTheme/default/umsocial_tencentWB.png
2020-05-06 09:00:32 +0000  copying file ./UMSocialSDKResources.bundle/UMSocialPlatformTheme/default/umsocial_wechat_favorite.png ... 
2020-05-06 09:00:32 +0000  1179 bytes for ./UMSocialSDKResources.bundle/UMSocialPlatformTheme/default/umsocial_wechat_favorite.png
copying file ./UMSocialSDKResources.bundle/UMSocialPlatformTheme/default/umsocial_sina.png ... 
2020-05-06 09:00:32 +0000  2581 bytes for ./UMSocialSDKResources.bundle/UMSocialPlatformTheme/default/umsocial_sina.png
2020-05-06 09:00:32 +0000  copying file ./UMSocialSDKResources.bundle/UMSocialPlatformTheme/default/umsocial_tumblr.png ... 
2020-05-06 09:00:32 +0000  1564 bytes for ./UMSocialSDKResources.bundle/UMSocialPlatformTheme/default/umsocial_tumblr.png
copying file ./UMSocialSDKResources.bundle/UMSocialPlatformTheme/default/umsocial_kakaoTalk.png ... 
2020-05-06 09:00:32 +0000  1893 bytes for ./UMSocialSDKResources.bundle/UMSocialPlatformTheme/default/umsocial_kakaoTalk.png
copying file ./UMSocialSDKResources.bundle/UMSocialPlatformTheme/default/umsocial_facebookmessenger.png ... 
2020-05-06 09:00:32 +0000  1749 bytes for ./UMSocialSDKResources.bundle/UMSocialPlatformTheme/default/umsocial_facebookmessenger.png
2020-05-06 09:00:32 +0000  copying file ./UMSocialSDKResources.bundle/UMSocialPlatformTheme/default/umsocial_qzone.png ... 
2020-05-06 09:00:32 +0000  2083 bytes for ./UMSocialSDKResources.bundle/UMSocialPlatformTheme/default/umsocial_qzone.png
copying file ./UMSocialSDKResources.bundle/UMSocialPlatformTheme/default/umsocial_qq.png ... 
2020-05-06 09:00:32 +0000  3505 bytes for ./UMSocialSDKResources.bundle/UMSocialPlatformTheme/default/umsocial_qq.png
2020-05-06 09:00:32 +0000  copying file ./UMSocialSDKResources.bundle/UMSocialPlatformTheme/default/umsocial_instagram.png ... 
2020-05-06 09:00:32 +0000  1952 bytes for ./UMSocialSDKResources.bundle/UMSocialPlatformTheme/default/umsocial_instagram.png
2020-05-06 09:00:32 +0000  copying file ./FeedBackPoupView.nib ... 
2020-05-06 09:00:32 +0000  6264 bytes for ./FeedBackPoupView.nib
2020-05-06 09:00:32 +0000  copying file ./BesideSrviceItemCell.nib/runtime.nib ... 
2020-05-06 09:00:32 +0000  3564 bytes for ./BesideSrviceItemCell.nib/runtime.nib
copying file ./BesideSrviceItemCell.nib/objects-12.3+.nib ... 
2020-05-06 09:00:32 +0000  3769 bytes for ./BesideSrviceItemCell.nib/objects-12.3+.nib
2020-05-06 09:00:32 +0000  copying file ./MineUserinfoCell.nib ... 
2020-05-06 09:00:32 +0000  7260 bytes for ./MineUserinfoCell.nib
copying file ./AppIcon60x60@2x.png ... 
2020-05-06 09:00:32 +0000  10448 bytes for ./AppIcon60x60@2x.png
2020-05-06 09:00:32 +0000  copying file ./IQKeyboardManager.bundle/IQButtonBarArrowRight@2x.png ... 
2020-05-06 09:00:32 +0000  1786 bytes for ./IQKeyboardManager.bundle/IQButtonBarArrowRight@2x.png
2020-05-06 09:00:32 +0000  copying file ./IQKeyboardManager.bundle/IQButtonBarArrowUp@3x.png ... 
2020-05-06 09:00:32 +0000  2164 bytes for ./IQKeyboardManager.bundle/IQButtonBarArrowUp@3x.png
copying file ./IQKeyboardManager.bundle/IQButtonBarArrowUp@2x.png ... 
2020-05-06 09:00:32 +0000  1769 bytes for ./IQKeyboardManager.bundle/IQButtonBarArrowUp@2x.png
2020-05-06 09:00:32 +0000  copying file ./IQKeyboardManager.bundle/IQButtonBarArrowRight@3x.png ... 
2020-05-06 09:00:32 +0000  1844 bytes for ./IQKeyboardManager.bundle/IQButtonBarArrowRight@3x.png
2020-05-06 09:00:32 +0000  copying file ./IQKeyboardManager.bundle/IQButtonBarArrowLeft@3x.png ... 
2020-05-06 09:00:32 +0000  1815 bytes for ./IQKeyboardManager.bundle/IQButtonBarArrowLeft@3x.png
copying file ./IQKeyboardManager.bundle/IQButtonBarArrowDown@3x.png ... 
2020-05-06 09:00:32 +0000  2177 bytes for ./IQKeyboardManager.bundle/IQButtonBarArrowDown@3x.png
copying file ./IQKeyboardManager.bundle/IQButtonBarArrowDown@2x.png ... 
2020-05-06 09:00:32 +0000  1764 bytes for ./IQKeyboardManager.bundle/IQButtonBarArrowDown@2x.png
2020-05-06 09:00:32 +0000  copying file ./IQKeyboardManager.bundle/IQButtonBarArrowLeft@2x.png ... 
2020-05-06 09:00:32 +0000  1793 bytes for ./IQKeyboardManager.bundle/IQButtonBarArrowLeft@2x.png
2020-05-06 09:00:32 +0000  copying file ./WaitPayOrderView.nib ... 
2020-05-06 09:00:32 +0000  8330 bytes for ./WaitPayOrderView.nib
copying file ./SystemNoticeListCell.nib ... 
2020-05-06 09:00:32 +0000  3375 bytes for ./SystemNoticeListCell.nib
2020-05-06 09:00:32 +0000  copying file ./LaunchImages.jpg ... 
2020-05-06 09:00:32 +0000  321885 bytes for ./LaunchImages.jpg
2020-05-06 09:00:32 +0000  copying file ./zbar-help.html ... 
3443 bytes for ./zbar-help.html
copying file ./LaunchImage-800-667h@2x.png ... 
2020-05-06 09:00:32 +0000  44771 bytes for ./LaunchImage-800-667h@2x.png
2020-05-06 09:00:32 +0000  copying file ./TZImagePickerController.bundle/takePicture@2x.png ... 
2020-05-06 09:00:32 +0000  4506 bytes for ./TZImagePickerController.bundle/takePicture@2x.png
2020-05-06 09:00:32 +0000  copying file ./TZImagePickerController.bundle/zh-Hans.lproj/Localizable.strings ... 
2020-05-06 09:00:32 +0000  1902 bytes for ./TZImagePickerController.bundle/zh-Hans.lproj/Localizable.strings
2020-05-06 09:00:32 +0000  copying file ./TZImagePickerController.bundle/photo_sel_photoPickerVc@2x.png ... 
2020-05-06 09:00:32 +0000  1699 bytes for ./TZImagePickerController.bundle/photo_sel_photoPickerVc@2x.png
2020-05-06 09:00:32 +0000  copying file ./TZImagePickerController.bundle/en.lproj/Localizable.strings ... 
2020-05-06 09:00:32 +0000  2576 bytes for ./TZImagePickerController.bundle/en.lproj/Localizable.strings
2020-05-06 09:00:32 +0000  copying file ./TZImagePickerController.bundle/MMVideoPreviewPlayHL@2x.png ... 
2020-05-06 09:00:32 +0000  3645 bytes for ./TZImagePickerController.bundle/MMVideoPreviewPlayHL@2x.png
2020-05-06 09:00:32 +0000  copying file ./TZImagePickerController.bundle/photo_sel_previewVc@2x.png ... 
2020-05-06 09:00:32 +0000  1183 bytes for ./TZImagePickerController.bundle/photo_sel_previewVc@2x.png
2020-05-06 09:00:32 +0000  copying file ./TZImagePickerController.bundle/MMVideoPreviewPlay@2x.png ... 
2020-05-06 09:00:32 +0000  3645 bytes for ./TZImagePickerController.bundle/MMVideoPreviewPlay@2x.png
copying file ./TZImagePickerController.bundle/preview_original_def@2x.png ... 
2020-05-06 09:00:32 +0000  392 bytes for ./TZImagePickerController.bundle/preview_original_def@2x.png
copying file ./TZImagePickerController.bundle/photo_def_previewVc@2x.png ... 
2020-05-06 09:00:32 +0000  1155 bytes for ./TZImagePickerController.bundle/photo_def_previewVc@2x.png
2020-05-06 09:00:32 +0000  copying file ./TZImagePickerController.bundle/photo_original_sel@2x.png ... 
2020-05-06 09:00:32 +0000  620 bytes for ./TZImagePickerController.bundle/photo_original_sel@2x.png
copying file ./TZImagePickerController.bundle/photo_def_photoPickerVc@2x.png ... 
2020-05-06 09:00:32 +0000  1708 bytes for ./TZImagePickerController.bundle/photo_def_photoPickerVc@2x.png
copying file ./TZImagePickerController.bundle/TableViewArrow@2x.png ... 
2020-05-06 09:00:32 +0000  299 bytes for ./TZImagePickerController.bundle/TableViewArrow@2x.png
copying file ./TZImagePickerController.bundle/preview_number_icon@2x.png ... 
2020-05-06 09:00:32 +0000  501 bytes for ./TZImagePickerController.bundle/preview_number_icon@2x.png
copying file ./TZImagePickerController.bundle/navi_back@2x.png ... 
2020-05-06 09:00:32 +0000  116 bytes for ./TZImagePickerController.bundle/navi_back@2x.png
copying file ./TZImagePickerController.bundle/photo_original_def@2x.png ... 
2020-05-06 09:00:32 +0000  1602 bytes for ./TZImagePickerController.bundle/photo_original_def@2x.png
2020-05-06 09:00:32 +0000  copying file ./TZImagePickerController.bundle/Root.plist ... 
2020-05-06 09:00:32 +0000  1456 bytes for ./TZImagePickerController.bundle/Root.plist
copying file ./TZImagePickerController.bundle/photo_number_icon@2x.png ... 
2020-05-06 09:00:32 +0000  501 bytes for ./TZImagePickerController.bundle/photo_number_icon@2x.png
2020-05-06 09:00:32 +0000  copying file ./TZImagePickerController.bundle/VideoSendIcon@2x.png ... 
2020-05-06 09:00:32 +0000  223 bytes for ./TZImagePickerController.bundle/VideoSendIcon@2x.png
2020-05-06 09:00:32 +0000  copying file ./MineViewController.nib ... 
2020-05-06 09:00:32 +0000  19325 bytes for ./MineViewController.nib
copying file ./zbar-back.png ... 
2020-05-06 09:00:32 +0000  319 bytes for ./zbar-back.png
2020-05-06 09:00:32 +0000  copying file ./PayTypeInfoCell.nib ... 
2020-05-06 09:00:32 +0000  7470 bytes for ./PayTypeInfoCell.nib
copying file ./AppIcon60x60@3x.png ... 
2020-05-06 09:00:32 +0000  17108 bytes for ./AppIcon60x60@3x.png
2020-05-06 09:00:32 +0000  copying file ./Base.lproj/Main.storyboardc/UIViewController-BYZ-38-t0r.nib ... 
2020-05-06 09:00:32 +0000  916 bytes for ./Base.lproj/Main.storyboardc/UIViewController-BYZ-38-t0r.nib
copying file ./Base.lproj/Main.storyboardc/BYZ-38-t0r-view-8bC-Xf-vdC.nib ... 
2020-05-06 09:00:32 +0000  1831 bytes for ./Base.lproj/Main.storyboardc/BYZ-38-t0r-view-8bC-Xf-vdC.nib
copying file ./Base.lproj/Main.storyboardc/Info.plist ... 
2020-05-06 09:00:32 +0000  258 bytes for ./Base.lproj/Main.storyboardc/Info.plist
2020-05-06 09:00:32 +0000  copying file ./Base.lproj/LaunchScreen.storyboardc/01J-lp-oVM-view-Ze5-6b-2t3.nib ... 
2020-05-06 09:00:32 +0000  1832 bytes for ./Base.lproj/LaunchScreen.storyboardc/01J-lp-oVM-view-Ze5-6b-2t3.nib
copying file ./Base.lproj/LaunchScreen.storyboardc/UIViewController-01J-lp-oVM.nib ... 
2020-05-06 09:00:32 +0000  896 bytes for ./Base.lproj/LaunchScreen.storyboardc/UIViewController-01J-lp-oVM.nib
copying file ./Base.lproj/LaunchScreen.storyboardc/Info.plist ... 
2020-05-06 09:00:32 +0000  258 bytes for ./Base.lproj/LaunchScreen.storyboardc/Info.plist
2020-05-06 09:00:32 +0000  copying file ./FeedBackAdditionalListCell.nib ... 
2020-05-06 09:00:32 +0000  3789 bytes for ./FeedBackAdditionalListCell.nib
2020-05-06 09:00:32 +0000  copying file ./Assets.car ... 
2020-05-06 09:00:32 +0000  17287384 bytes for ./Assets.car
2020-05-06 09:00:32 +0000  copying file ./ChargeMoneyPopViewCell.nib ... 
2020-05-06 09:00:32 +0000  3575 bytes for ./ChargeMoneyPopViewCell.nib
2020-05-06 09:00:32 +0000  copying file ./ChargeSectionHeaderView.nib ... 
2020-05-06 09:00:32 +0000  6642 bytes for ./ChargeSectionHeaderView.nib
2020-05-06 09:00:32 +0000  copying file ./StubGroupDetailFooterView.nib ... 
2020-05-06 09:00:32 +0000  4825 bytes for ./StubGroupDetailFooterView.nib
copying file ./LaunchImage-800-Portrait-736h@3x.png ... 
2020-05-06 09:00:32 +0000  81113 bytes for ./LaunchImage-800-Portrait-736h@3x.png
copying file ./FeedBackListCell.nib ... 
2020-05-06 09:00:32 +0000  3444 bytes for ./FeedBackListCell.nib
2020-05-06 09:00:32 +0000  copying file ./ChargeStartHeadView.nib ... 
2020-05-06 09:00:32 +0000  2966 bytes for ./ChargeStartHeadView.nib
copying file ./LaunchImage-700@2x.png ... 
2020-05-06 09:00:32 +0000  38284 bytes for ./LaunchImage-700@2x.png
2020-05-06 09:00:32 +0000  copying file ./BesideServiceCell.nib ... 
2020-05-06 09:00:32 +0000  3431 bytes for ./BesideServiceCell.nib
copying file ./LaunchImage-700-568h@2x.png ... 
2020-05-06 09:00:32 +0000  38474 bytes for ./LaunchImage-700-568h@2x.png
copying file ./StarCharge ... 
2020-05-06 09:00:33 +0000  145989728 bytes for ./StarCharge
2020-05-06 09:00:33 +0000  copying file ./ChargePayPopViewCell.nib ... 
2020-05-06 09:00:33 +0000  3506 bytes for ./ChargePayPopViewCell.nib
copying file ./README.txt ... 
2020-05-06 09:00:33 +0000  2928 bytes for ./README.txt
2020-05-06 09:00:33 +0000  copying file ./AccountInfoView.nib ... 
2020-05-06 09:00:33 +0000  5578 bytes for ./AccountInfoView.nib
copying file ./ActivityCenterListCell.nib ... 
2020-05-06 09:00:33 +0000  4737 bytes for ./ActivityCenterListCell.nib
2020-05-06 09:00:33 +0000  copying file ./StubListCell.nib ... 
2020-05-06 09:00:33 +0000  10396 bytes for ./StubListCell.nib
copying file ./MyFeedBackListCell.nib ... 
2020-05-06 09:00:33 +0000  4160 bytes for ./MyFeedBackListCell.nib
2020-05-06 09:00:33 +0000  copying file ./embedded.mobileprovision ... 
2020-05-06 09:00:33 +0000  10218 bytes for ./embedded.mobileprovision
2020-05-06 09:00:33 +0000  copying file ./LocationAnnotationView.nib ... 
2020-05-06 09:00:33 +0000  2672 bytes for ./LocationAnnotationView.nib
copying file ./charging_loading.gif ... 
2020-05-06 09:00:33 +0000  60252 bytes for ./charging_loading.gif
2020-05-06 09:00:33 +0000  copying file ./Info.plist ... 
2020-05-06 09:00:33 +0000  3185 bytes for ./Info.plist
copying file ./HomePagePopView.nib ... 
2020-05-06 09:00:33 +0000  2379 bytes for ./HomePagePopView.nib
copying file ./PkgInfo ... 
2020-05-06 09:00:33 +0000  8 bytes for ./PkgInfo
copying file ./FeedBackAddtionalCell.nib ... 
2020-05-06 09:00:33 +0000  4325 bytes for ./FeedBackAddtionalCell.nib
copying file ./MyCardView.nib ... 
2020-05-06 09:00:33 +0000  3202 bytes for ./MyCardView.nib
2020-05-06 09:00:33 +0000  copying file ./Mine.storyboardc/MyInfoViewController.nib/objects-11.0+.nib ... 
2020-05-06 09:00:33 +0000  995 bytes for ./Mine.storyboardc/MyInfoViewController.nib/objects-11.0+.nib
copying file ./Mine.storyboardc/MyInfoViewController.nib/runtime.nib ... 
2020-05-06 09:00:33 +0000  995 bytes for ./Mine.storyboardc/MyInfoViewController.nib/runtime.nib
2020-05-06 09:00:33 +0000  copying file ./Mine.storyboardc/StatementViewController.nib/objects-11.0+.nib ... 
2020-05-06 09:00:33 +0000  998 bytes for ./Mine.storyboardc/StatementViewController.nib/objects-11.0+.nib
2020-05-06 09:00:33 +0000  copying file ./Mine.storyboardc/StatementViewController.nib/runtime.nib ... 
2020-05-06 09:00:33 +0000  998 bytes for ./Mine.storyboardc/StatementViewController.nib/runtime.nib
2020-05-06 09:00:33 +0000  copying file ./Mine.storyboardc/G0b-48-JMo-view-06Y-yg-sqr.nib/objects-11.0+.nib ... 
2020-05-06 09:00:33 +0000  23631 bytes for ./Mine.storyboardc/G0b-48-JMo-view-06Y-yg-sqr.nib/objects-11.0+.nib
copying file ./Mine.storyboardc/G0b-48-JMo-view-06Y-yg-sqr.nib/runtime.nib ... 
2020-05-06 09:00:33 +0000  23759 bytes for ./Mine.storyboardc/G0b-48-JMo-view-06Y-yg-sqr.nib/runtime.nib
2020-05-06 09:00:33 +0000  copying file ./Mine.storyboardc/NoticeCenterViewController.nib/objects-11.0+.nib ... 
2020-05-06 09:00:33 +0000  1001 bytes for ./Mine.storyboardc/NoticeCenterViewController.nib/objects-11.0+.nib
2020-05-06 09:00:33 +0000  copying file ./Mine.storyboardc/NoticeCenterViewController.nib/runtime.nib ... 
2020-05-06 09:00:33 +0000  1001 bytes for ./Mine.storyboardc/NoticeCenterViewController.nib/runtime.nib
2020-05-06 09:00:33 +0000  copying file ./Mine.storyboardc/FedBackViewController.nib/objects-11.0+.nib ... 
2020-05-06 09:00:33 +0000  996 bytes for ./Mine.storyboardc/FedBackViewController.nib/objects-11.0+.nib
copying file ./Mine.storyboardc/FedBackViewController.nib/runtime.nib ... 
2020-05-06 09:00:33 +0000  996 bytes for ./Mine.storyboardc/FedBackViewController.nib/runtime.nib
2020-05-06 09:00:33 +0000  copying file ./Mine.storyboardc/6ZJ-S4-NcV-view-fn7-gI-fyq.nib/objects-11.0+.nib ... 
2020-05-06 09:00:33 +0000  3903 bytes for ./Mine.storyboardc/6ZJ-S4-NcV-view-fn7-gI-fyq.nib/objects-11.0+.nib
copying file ./Mine.storyboardc/6ZJ-S4-NcV-view-fn7-gI-fyq.nib/runtime.nib ... 
2020-05-06 09:00:33 +0000  4032 bytes for ./Mine.storyboardc/6ZJ-S4-NcV-view-fn7-gI-fyq.nib/runtime.nib
2020-05-06 09:00:33 +0000  copying file ./Mine.storyboardc/WBK-qT-UrL-view-HdB-IR-fab.nib/objects-11.0+.nib ... 
2020-05-06 09:00:33 +0000  12204 bytes for ./Mine.storyboardc/WBK-qT-UrL-view-HdB-IR-fab.nib/objects-11.0+.nib
copying file ./Mine.storyboardc/WBK-qT-UrL-view-HdB-IR-fab.nib/runtime.nib ... 
2020-05-06 09:00:33 +0000  12286 bytes for ./Mine.storyboardc/WBK-qT-UrL-view-HdB-IR-fab.nib/runtime.nib
2020-05-06 09:00:33 +0000  copying file ./Mine.storyboardc/Hdz-rP-Yi3-view-ioO-rZ-tyq.nib/objects-11.0+.nib ... 
2020-05-06 09:00:33 +0000  8611 bytes for ./Mine.storyboardc/Hdz-rP-Yi3-view-ioO-rZ-tyq.nib/objects-11.0+.nib
copying file ./Mine.storyboardc/Hdz-rP-Yi3-view-ioO-rZ-tyq.nib/runtime.nib ... 
2020-05-06 09:00:33 +0000  8692 bytes for ./Mine.storyboardc/Hdz-rP-Yi3-view-ioO-rZ-tyq.nib/runtime.nib
2020-05-06 09:00:33 +0000  copying file ./Mine.storyboardc/ChargeOrderDetailTableController.nib/objects-11.0+.nib ... 
2020-05-06 09:00:33 +0000  1007 bytes for ./Mine.storyboardc/ChargeOrderDetailTableController.nib/objects-11.0+.nib
2020-05-06 09:00:33 +0000  copying file ./Mine.storyboardc/ChargeOrderDetailTableController.nib/runtime.nib ... 
2020-05-06 09:00:33 +0000  1007 bytes for ./Mine.storyboardc/ChargeOrderDetailTableController.nib/runtime.nib
2020-05-06 09:00:33 +0000  copying file ./Mine.storyboardc/2qh-Nu-KdR-view-Na0-lC-Bo0.nib/objects-11.0+.nib ... 
2020-05-06 09:00:33 +0000  6474 bytes for ./Mine.storyboardc/2qh-Nu-KdR-view-Na0-lC-Bo0.nib/objects-11.0+.nib
copying file ./Mine.storyboardc/2qh-Nu-KdR-view-Na0-lC-Bo0.nib/runtime.nib ... 
2020-05-06 09:00:33 +0000  6543 bytes for ./Mine.storyboardc/2qh-Nu-KdR-view-Na0-lC-Bo0.nib/runtime.nib
2020-05-06 09:00:33 +0000  copying file ./Mine.storyboardc/ChargingTableViewController.nib/objects-11.0+.nib ... 
2020-05-06 09:00:33 +0000  1002 bytes for ./Mine.storyboardc/ChargingTableViewController.nib/objects-11.0+.nib
2020-05-06 09:00:33 +0000  copying file ./Mine.storyboardc/ChargingTableViewController.nib/runtime.nib ... 
2020-05-06 09:00:33 +0000  1002 bytes for ./Mine.storyboardc/ChargingTableViewController.nib/runtime.nib
2020-05-06 09:00:33 +0000  copying file ./Mine.storyboardc/Info.plist ... 
2020-05-06 09:00:33 +0000  490 bytes for ./Mine.storyboardc/Info.plist
2020-05-06 09:00:33 +0000  copying file ./Mine.storyboardc/rWd-rE-aVq-view-Kcb-7t-Geu.nib/objects-11.0+.nib ... 
2020-05-06 09:00:33 +0000  15629 bytes for ./Mine.storyboardc/rWd-rE-aVq-view-Kcb-7t-Geu.nib/objects-11.0+.nib
copying file ./Mine.storyboardc/rWd-rE-aVq-view-Kcb-7t-Geu.nib/runtime.nib ... 
2020-05-06 09:00:33 +0000  15738 bytes for ./Mine.storyboardc/rWd-rE-aVq-view-Kcb-7t-Geu.nib/runtime.nib
2020-05-06 09:00:33 +0000  /usr/bin/ditto exited with 0
2020-05-06 09:00:33 +0000  Processing step: IDEDistributionEmbedProfileStep
2020-05-06 09:00:33 +0000  Processing step: IDEDistributionInfoPlistStep
2020-05-06 09:00:33 +0000  Skipping step: IDEDistributionInfoPlistStep because it said so
2020-05-06 09:00:33 +0000  Processing step: IDEDistributionAppThinningPlistStep
2020-05-06 09:00:33 +0000  Skipping step: IDEDistributionAppThinningPlistStep because it said so
2020-05-06 09:00:33 +0000  Processing step: IDEDistributionCompileBitcodeStep
2020-05-06 09:00:33 +0000  Skipping step: IDEDistributionCompileBitcodeStep because it said so
2020-05-06 09:00:33 +0000  Processing step: IDEDistributionCodeSlimmingStep
2020-05-06 09:00:33 +0000  Processing step: IDEDistributionCopyBCSymbolMapsStep
2020-05-06 09:00:33 +0000  Skipping step: IDEDistributionCopyBCSymbolMapsStep because it said so
2020-05-06 09:00:33 +0000  Processing step: IDEDistributionSymbolsStep
2020-05-06 09:00:33 +0000  Skipping step: IDEDistributionSymbolsStep because it said so
2020-05-06 09:00:33 +0000  Processing step: IDEDistributionAppThinningStep
2020-05-06 09:00:33 +0000  Skipping step: IDEDistributionAppThinningStep because it said so
2020-05-06 09:00:33 +0000  Processing step: IDEDistributionArchThinningStep
2020-05-06 09:00:33 +0000  Running /Applications/Xcode.app/Contents/Developer/Toolchains/XcodeDefault.xctoolchain/usr/bin/lipo '/var/folders/g2/b8rl1gld7md8dqjrt3jpfhmr0000gn/T/XcodeDistPipeline.~~~eFpGOX/Root/Payload/StarCharge.app/StarCharge' '-verify_arch' 'arm64e'
2020-05-06 09:00:33 +0000  /Applications/Xcode.app/Contents/Developer/Toolchains/XcodeDefault.xctoolchain/usr/bin/lipo exited with 1
2020-05-06 09:00:33 +0000  Skipping architecture thinning for item "StarCharge" because arch "arm64e" wasn't found
2020-05-06 09:00:33 +0000  Processing step: IDEDistributionODRStep
2020-05-06 09:00:33 +0000  Processing step: IDEDistributionStripXattrsStep
2020-05-06 09:00:33 +0000  Running /usr/bin/xattr '-crs' '/var/folders/g2/b8rl1gld7md8dqjrt3jpfhmr0000gn/T/XcodeDistPipeline.~~~eFpGOX/Root/Payload/StarCharge.app'
2020-05-06 09:00:33 +0000  /usr/bin/xattr exited with 0
2020-05-06 09:00:33 +0000  Processing step: IDEDistributionCodesignStep
2020-05-06 09:00:33 +0000  Entitlements for <IDEDistributionItem: 0x7fdc93fa7780; bundleID='com.xmnewyea.charge', path='<DVTFilePath:0x7fdc8374c3a0:'/Users/newyea/Library/Developer/Xcode/Archives/2020-05-06/StarCharge 2020-5-6, 5.00 PM.xcarchive/Products/Applications/StarCharge.app'>', codeSigningInfo='<_DVTCodeSigningInformation_Path: 0x7fdc9560b0d0; isSigned='1', isAdHocSigned='0', signingCertificate='<DVTSigningCertificate: 0x7fdc950e5c80; name='iPhone Developer: ZhenLiang Gao (YK39UDJ8U3)', hash='C7B5052494C99F882C095A82100BF77698E911D4', serialNumber='75CD88472C4E4B2D', certificateKinds='(
    "1.2.840.113635.100.6.1.2"
), issueDate='2020-01-10 03:24:51 +0000''>', entitlements='{
    "application-identifier" = "YE3AD4YMQ5.com.xmnewyea.charge";
    "com.apple.developer.team-identifier" = YE3AD4YMQ5;
    "get-task-allow" = 1;
    "keychain-access-groups" =     (
        "YE3AD4YMQ5.com.xmnewyea.charge"
    );
}', teamID='YE3AD4YMQ5', identifier='com.xmnewyea.charge', executablePath='<DVTFilePath:0x7fdc800ebb50:'/Users/newyea/Library/Developer/Xcode/Archives/2020-05-06/StarCharge 2020-5-6, 5.00 PM.xcarchive/Products/Applications/StarCharge.app/StarCharge'>', hardenedRuntime='0'>'>: {
    "application-identifier" = "YE3AD4YMQ5.com.xmnewyea.charge";
    "com.apple.developer.team-identifier" = YE3AD4YMQ5;
    "get-task-allow" = 0;
    "keychain-access-groups" =     (
        "YE3AD4YMQ5.com.xmnewyea.charge"
    );
}
2020-05-06 09:00:33 +0000  Writing entitlements for <IDEDistributionItem: 0x7fdc93fa7780; bundleID='com.xmnewyea.charge', path='<DVTFilePath:0x7fdc8374c3a0:'/Users/newyea/Library/Developer/Xcode/Archives/2020-05-06/StarCharge 2020-5-6, 5.00 PM.xcarchive/Products/Applications/StarCharge.app'>', codeSigningInfo='<_DVTCodeSigningInformation_Path: 0x7fdc9560b0d0; isSigned='1', isAdHocSigned='0', signingCertificate='<DVTSigningCertificate: 0x7fdc822afa50; name='iPhone Developer: ZhenLiang Gao (YK39UDJ8U3)', hash='C7B5052494C99F882C095A82100BF77698E911D4', serialNumber='75CD88472C4E4B2D', certificateKinds='(
    "1.2.840.113635.100.6.1.2"
), issueDate='2020-01-10 03:24:51 +0000''>', entitlements='{
    "application-identifier" = "YE3AD4YMQ5.com.xmnewyea.charge";
    "com.apple.developer.team-identifier" = YE3AD4YMQ5;
    "get-task-allow" = 1;
    "keychain-access-groups" =     (
        "YE3AD4YMQ5.com.xmnewyea.charge"
    );
}', teamID='YE3AD4YMQ5', identifier='com.xmnewyea.charge', executablePath='<DVTFilePath:0x7fdc800ebb50:'/Users/newyea/Library/Developer/Xcode/Archives/2020-05-06/StarCharge 2020-5-6, 5.00 PM.xcarchive/Products/Applications/StarCharge.app/StarCharge'>', hardenedRuntime='0'>'> to: /var/folders/g2/b8rl1gld7md8dqjrt3jpfhmr0000gn/T/XcodeDistPipeline.~~~eFpGOX/entitlements~~~sl2qCk
2020-05-06 09:00:33 +0000  Running /usr/bin/codesign '-vvv' '--force' '--sign' 'B4AEC31C209BA5258EDBD7D9CFD3798E871E1698' '--entitlements' '/var/folders/g2/b8rl1gld7md8dqjrt3jpfhmr0000gn/T/XcodeDistPipeline.~~~eFpGOX/entitlements~~~sl2qCk' '--preserve-metadata=identifier,flags,runtime' '/var/folders/g2/b8rl1gld7md8dqjrt3jpfhmr0000gn/T/XcodeDistPipeline.~~~eFpGOX/Root/Payload/StarCharge.app'
2020-05-06 09:00:34 +0000  /var/folders/g2/b8rl1gld7md8dqjrt3jpfhmr0000gn/T/XcodeDistPipeline.~~~eFpGOX/Root/Payload/StarCharge.app: signed app bundle with Mach-O universal (armv7 arm64) [com.xmnewyea.charge]
2020-05-06 09:00:34 +0000  /usr/bin/codesign exited with 0
2020-05-06 09:00:34 +0000  Processing step: IDEDistributionZipODRItemStep
2020-05-06 09:00:34 +0000  Skipping step: IDEDistributionZipODRItemStep because it said so
2020-05-06 09:00:34 +0000  Processing step: IDEDistributionCreateIPAStep
2020-05-06 09:00:34 +0000  Running /usr/bin/ditto '-V' '-c' '-k' '--norsrc' '/var/folders/g2/b8rl1gld7md8dqjrt3jpfhmr0000gn/T/XcodeDistPipeline.~~~eFpGOX/Root' '/var/folders/g2/b8rl1gld7md8dqjrt3jpfhmr0000gn/T/XcodeDistPipeline.~~~eFpGOX/Packages/StarCharge.ipa'
2020-05-06 09:00:34 +0000  >>> Copying /var/folders/g2/b8rl1gld7md8dqjrt3jpfhmr0000gn/T/XcodeDistPipeline.~~~eFpGOX/Root 
2020-05-06 09:00:34 +0000  copying file ./Payload/StarCharge.app/_CodeSignature/CodeResources ... 
2020-05-06 09:00:34 +0000  67506 bytes for ./Payload/StarCharge.app/_CodeSignature/CodeResources
2020-05-06 09:00:34 +0000  copying file ./Payload/StarCharge.app/CodeScan.bundle/qrcode_scan_full_net.png ... 
2020-05-06 09:00:34 +0000  4878 bytes for ./Payload/StarCharge.app/CodeScan.bundle/qrcode_scan_full_net.png
copying file ./Payload/StarCharge.app/CodeScan.bundle/qrcode_scan_btn_scan_off@2x.png ... 
2020-05-06 09:00:34 +0000  956 bytes for ./Payload/StarCharge.app/CodeScan.bundle/qrcode_scan_btn_scan_off@2x.png
copying file ./Payload/StarCharge.app/CodeScan.bundle/device_scan@2x.png ... 
2020-05-06 09:00:34 +0000  336 bytes for ./Payload/StarCharge.app/CodeScan.bundle/device_scan@2x.png
copying file ./Payload/StarCharge.app/CodeScan.bundle/qrcode_scan_btn_photo_down@2x.png ... 
2020-05-06 09:00:34 +0000  980 bytes for ./Payload/StarCharge.app/CodeScan.bundle/qrcode_scan_btn_photo_down@2x.png
copying file ./Payload/StarCharge.app/CodeScan.bundle/qrcode_scan_btn_myqrcode_nor@2x.png ... 
2020-05-06 09:00:34 +0000  1603 bytes for ./Payload/StarCharge.app/CodeScan.bundle/qrcode_scan_btn_myqrcode_nor@2x.png
2020-05-06 09:00:34 +0000  copying file ./Payload/StarCharge.app/CodeScan.bundle/qrcode_scan_btn_photo_nor@2x.png ... 
1243 bytes for ./Payload/StarCharge.app/CodeScan.bundle/qrcode_scan_btn_photo_nor@2x.png
copying file ./Payload/StarCharge.app/CodeScan.bundle/qrcode_scan_btn_myqrcode_down@2x.png ... 
2020-05-06 09:00:34 +0000  1327 bytes for ./Payload/StarCharge.app/CodeScan.bundle/qrcode_scan_btn_myqrcode_down@2x.png
2020-05-06 09:00:34 +0000  copying file ./Payload/StarCharge.app/CodeScan.bundle/qrcode_scan_btn_flash_down@2x.png ... 
938 bytes for ./Payload/StarCharge.app/CodeScan.bundle/qrcode_scan_btn_flash_down@2x.png
copying file ./Payload/StarCharge.app/CodeScan.bundle/qrcode_Scan_weixin_Line@2x.png ... 
2020-05-06 09:00:34 +0000  1500 bytes for ./Payload/StarCharge.app/CodeScan.bundle/qrcode_Scan_weixin_Line@2x.png
2020-05-06 09:00:34 +0000  copying file ./Payload/StarCharge.app/CodeScan.bundle/qrcode_scan_part_net.png ... 
2020-05-06 09:00:34 +0000  4637 bytes for ./Payload/StarCharge.app/CodeScan.bundle/qrcode_scan_part_net.png
copying file ./Payload/StarCharge.app/CodeScan.bundle/qrcode_scan_btn_flash_nor@2x.png ... 
2020-05-06 09:00:34 +0000  1173 bytes for ./Payload/StarCharge.app/CodeScan.bundle/qrcode_scan_btn_flash_nor@2x.png
2020-05-06 09:00:34 +0000  copying file ./Payload/StarCharge.app/CodeScan.bundle/qrcode_scan_titlebar_back_nor@2x.png ... 
185 bytes for ./Payload/StarCharge.app/CodeScan.bundle/qrcode_scan_titlebar_back_nor@2x.png
copying file ./Payload/StarCharge.app/CodeScan.bundle/qrcode_scan_titlebar_back_pressed@2x.png ... 
2020-05-06 09:00:34 +0000  164 bytes for ./Payload/StarCharge.app/CodeScan.bundle/qrcode_scan_titlebar_back_pressed@2x.png
copying file ./Payload/StarCharge.app/CodeScan.bundle/qrcode_scan_light_green@2x.png ... 
2020-05-06 09:00:34 +0000  801 bytes for ./Payload/StarCharge.app/CodeScan.bundle/qrcode_scan_light_green@2x.png
2020-05-06 09:00:34 +0000  copying file ./Payload/StarCharge.app/AboutusTableFooterView.nib ... 
2020-05-06 09:00:34 +0000  3538 bytes for ./Payload/StarCharge.app/AboutusTableFooterView.nib
2020-05-06 09:00:34 +0000  copying file ./Payload/StarCharge.app/ChargePayTypeCell.nib ... 
2020-05-06 09:00:34 +0000  4484 bytes for ./Payload/StarCharge.app/ChargePayTypeCell.nib
2020-05-06 09:00:34 +0000  copying file ./Payload/StarCharge.app/LaunchImage-1100-Portrait-2436h@3x.png ... 
2020-05-06 09:00:34 +0000  75351 bytes for ./Payload/StarCharge.app/LaunchImage-1100-Portrait-2436h@3x.png
2020-05-06 09:00:34 +0000  copying file ./Payload/StarCharge.app/ChargePayPopView.nib/objects-11.0+.nib ... 
2020-05-06 09:00:34 +0000  5035 bytes for ./Payload/StarCharge.app/ChargePayPopView.nib/objects-11.0+.nib
2020-05-06 09:00:34 +0000  copying file ./Payload/StarCharge.app/ChargePayPopView.nib/runtime.nib ... 
2020-05-06 09:00:34 +0000  5166 bytes for ./Payload/StarCharge.app/ChargePayPopView.nib/runtime.nib
2020-05-06 09:00:34 +0000  copying file ./Payload/StarCharge.app/AlipaySDK.bundle/shutdown@2x.png ... 
2020-05-06 09:00:34 +0000  222 bytes for ./Payload/StarCharge.app/AlipaySDK.bundle/shutdown@2x.png
copying file ./Payload/StarCharge.app/AlipaySDK.bundle/refresh@2x.png ... 
605 bytes for ./Payload/StarCharge.app/AlipaySDK.bundle/refresh@2x.png
copying file ./Payload/StarCharge.app/AlipaySDK.bundle/refresh_click@2x.png ... 
1824 bytes for ./Payload/StarCharge.app/AlipaySDK.bundle/refresh_click@2x.png
copying file ./Payload/StarCharge.app/AlipaySDK.bundle/shutdown_click@2x.png ... 
1319 bytes for ./Payload/StarCharge.app/AlipaySDK.bundle/shutdown_click@2x.png
copying file ./Payload/StarCharge.app/AlipaySDK.bundle/bridge.js ... 
3159 bytes for ./Payload/StarCharge.app/AlipaySDK.bundle/bridge.js
copying file ./Payload/StarCharge.app/AlipaySDK.bundle/bar@2x.png ... 
1011 bytes for ./Payload/StarCharge.app/AlipaySDK.bundle/bar@2x.png
copying file ./Payload/StarCharge.app/AlipaySDK.bundle/alipay_msp_refresh@2x.png ... 
663 bytes for ./Payload/StarCharge.app/AlipaySDK.bundle/alipay_msp_refresh@2x.png
2020-05-06 09:00:34 +0000  copying file ./Payload/StarCharge.app/AlipaySDK.bundle/alipay_msp_back@2x.png ... 
409 bytes for ./Payload/StarCharge.app/AlipaySDK.bundle/alipay_msp_back@2x.png
copying file ./Payload/StarCharge.app/HomePopMenuCell.nib ... 
2020-05-06 09:00:34 +0000  3362 bytes for ./Payload/StarCharge.app/HomePopMenuCell.nib
2020-05-06 09:00:34 +0000  copying file ./Payload/StarCharge.app/zbar-helpicons.png ... 
2020-05-06 09:00:34 +0000  18350 bytes for ./Payload/StarCharge.app/zbar-helpicons.png
2020-05-06 09:00:34 +0000  copying file ./Payload/StarCharge.app/StatusSummaryView.nib ... 
1535 bytes for ./Payload/StarCharge.app/StatusSummaryView.nib
2020-05-06 09:00:34 +0000  copying file ./Payload/StarCharge.app/zbar-samples.png ... 
1181 bytes for ./Payload/StarCharge.app/zbar-samples.png
copying file ./Payload/StarCharge.app/Charging.gif ... 
2020-05-06 09:00:34 +0000  59448 bytes for ./Payload/StarCharge.app/Charging.gif
2020-05-06 09:00:34 +0000  copying file ./Payload/StarCharge.app/InputCodeView.nib ... 
2020-05-06 09:00:34 +0000  3785 bytes for ./Payload/StarCharge.app/InputCodeView.nib
copying file ./Payload/StarCharge.app/ChargeOrderDetailsHeadView.nib ... 
2020-05-06 09:00:34 +0000  3677 bytes for ./Payload/StarCharge.app/ChargeOrderDetailsHeadView.nib
2020-05-06 09:00:34 +0000  copying file ./Payload/StarCharge.app/MoneyCell.nib/runtime.nib ... 
2020-05-06 09:00:34 +0000  3232 bytes for ./Payload/StarCharge.app/MoneyCell.nib/runtime.nib
copying file ./Payload/StarCharge.app/MoneyCell.nib/objects-12.3+.nib ... 
2020-05-06 09:00:34 +0000  3442 bytes for ./Payload/StarCharge.app/MoneyCell.nib/objects-12.3+.nib
2020-05-06 09:00:34 +0000  copying file ./Payload/StarCharge.app/MJRefresh.bundle/zh-Hans.lproj/Localizable.strings ... 
2020-05-06 09:00:34 +0000  1196 bytes for ./Payload/StarCharge.app/MJRefresh.bundle/zh-Hans.lproj/Localizable.strings
2020-05-06 09:00:34 +0000  copying file ./Payload/StarCharge.app/MJRefresh.bundle/en.lproj/Localizable.strings ... 
2020-05-06 09:00:34 +0000  691 bytes for ./Payload/StarCharge.app/MJRefresh.bundle/en.lproj/Localizable.strings
copying file ./Payload/StarCharge.app/MJRefresh.bundle/arrow@2x.png ... 
2020-05-06 09:00:34 +0000  1033 bytes for ./Payload/StarCharge.app/MJRefresh.bundle/arrow@2x.png
2020-05-06 09:00:34 +0000  copying file ./Payload/StarCharge.app/MJRefresh.bundle/zh-Hant.lproj/Localizable.strings ... 
773 bytes for ./Payload/StarCharge.app/MJRefresh.bundle/zh-Hant.lproj/Localizable.strings
2020-05-06 09:00:34 +0000  copying file ./Payload/StarCharge.app/UMSocialSDKResources.bundle/UMSocialWaterMark/umsocial_defaultwatermark.png ... 
2020-05-06 09:00:34 +0000  3003 bytes for ./Payload/StarCharge.app/UMSocialSDKResources.bundle/UMSocialWaterMark/umsocial_defaultwatermark.png
2020-05-06 09:00:34 +0000  copying file ./Payload/StarCharge.app/UMSocialSDKResources.bundle/zh-Hans.lproj/UMSocialLocalizable.strings ... 
2020-05-06 09:00:34 +0000  6740 bytes for ./Payload/StarCharge.app/UMSocialSDKResources.bundle/zh-Hans.lproj/UMSocialLocalizable.strings
2020-05-06 09:00:34 +0000  copying file ./Payload/StarCharge.app/UMSocialSDKResources.bundle/en.lproj/UMSocialLocalizable.strings ... 
2020-05-06 09:00:34 +0000  6554 bytes for ./Payload/StarCharge.app/UMSocialSDKResources.bundle/en.lproj/UMSocialLocalizable.strings
2020-05-06 09:00:34 +0000  copying file ./Payload/StarCharge.app/UMSocialSDKResources.bundle/Buttons/UMS_nav_button_close@2x.png ... 
2020-05-06 09:00:34 +0000  500 bytes for ./Payload/StarCharge.app/UMSocialSDKResources.bundle/Buttons/UMS_nav_button_close@2x.png
copying file ./Payload/StarCharge.app/UMSocialSDKResources.bundle/Buttons/UMS_url_image@2x.png ... 
2020-05-06 09:00:34 +0000  1562 bytes for ./Payload/StarCharge.app/UMSocialSDKResources.bundle/Buttons/UMS_url_image@2x.png
2020-05-06 09:00:34 +0000  copying file ./Payload/StarCharge.app/UMSocialSDKResources.bundle/Buttons/UMS_url_music@2x.png ... 
1771 bytes for ./Payload/StarCharge.app/UMSocialSDKResources.bundle/Buttons/UMS_url_music@2x.png
copying file ./Payload/StarCharge.app/UMSocialSDKResources.bundle/Buttons/UMS_add_friend_off@2x.png ... 
2020-05-06 09:00:34 +0000  134 bytes for ./Payload/StarCharge.app/UMSocialSDKResources.bundle/Buttons/UMS_add_friend_off@2x.png
2020-05-06 09:00:34 +0000  copying file ./Payload/StarCharge.app/UMSocialSDKResources.bundle/Buttons/UMS_delete_image_button_normal@2x.png ... 
2020-05-06 09:00:34 +0000  891 bytes for ./Payload/StarCharge.app/UMSocialSDKResources.bundle/Buttons/UMS_delete_image_button_normal@2x.png
copying file ./Payload/StarCharge.app/UMSocialSDKResources.bundle/Buttons/UMS_nav_button_send@2x.png ... 
2020-05-06 09:00:34 +0000  1624 bytes for ./Payload/StarCharge.app/UMSocialSDKResources.bundle/Buttons/UMS_nav_button_send@2x.png
2020-05-06 09:00:34 +0000  copying file ./Payload/StarCharge.app/UMSocialSDKResources.bundle/Buttons/UMS_url_video@2x.png ... 
2062 bytes for ./Payload/StarCharge.app/UMSocialSDKResources.bundle/Buttons/UMS_url_video@2x.png
2020-05-06 09:00:34 +0000  copying file ./Payload/StarCharge.app/UMSocialSDKResources.bundle/UMSocialPlatformTheme/default/umsocial_renren.png ... 
2020-05-06 09:00:34 +0000  1529 bytes for ./Payload/StarCharge.app/UMSocialSDKResources.bundle/UMSocialPlatformTheme/default/umsocial_renren.png
copying file ./Payload/StarCharge.app/UMSocialSDKResources.bundle/UMSocialPlatformTheme/default/umsocial_default.png ... 
2020-05-06 09:00:34 +0000  4203 bytes for ./Payload/StarCharge.app/UMSocialSDKResources.bundle/UMSocialPlatformTheme/default/umsocial_default.png
2020-05-06 09:00:34 +0000  copying file ./Payload/StarCharge.app/UMSocialSDKResources.bundle/UMSocialPlatformTheme/default/umsocial_pinterest.png ... 
1987 bytes for ./Payload/StarCharge.app/UMSocialSDKResources.bundle/UMSocialPlatformTheme/default/umsocial_pinterest.png
copying file ./Payload/StarCharge.app/UMSocialSDKResources.bundle/UMSocialPlatformTheme/default/umsocial_alipay.png ... 
2020-05-06 09:00:34 +0000  1370 bytes for ./Payload/StarCharge.app/UMSocialSDKResources.bundle/UMSocialPlatformTheme/default/umsocial_alipay.png
2020-05-06 09:00:34 +0000  copying file ./Payload/StarCharge.app/UMSocialSDKResources.bundle/UMSocialPlatformTheme/default/umsocial_yixin_session.png ... 
1833 bytes for ./Payload/StarCharge.app/UMSocialSDKResources.bundle/UMSocialPlatformTheme/default/umsocial_yixin_session.png
copying file ./Payload/StarCharge.app/UMSocialSDKResources.bundle/UMSocialPlatformTheme/default/umsocial_vkontakte.png ... 
2020-05-06 09:00:34 +0000  1867 bytes for ./Payload/StarCharge.app/UMSocialSDKResources.bundle/UMSocialPlatformTheme/default/umsocial_vkontakte.png
2020-05-06 09:00:34 +0000  copying file ./Payload/StarCharge.app/UMSocialSDKResources.bundle/UMSocialPlatformTheme/default/umsocial_tim.png ... 
2020-05-06 09:00:34 +0000  2597 bytes for ./Payload/StarCharge.app/UMSocialSDKResources.bundle/UMSocialPlatformTheme/default/umsocial_tim.png
copying file ./Payload/StarCharge.app/UMSocialSDKResources.bundle/UMSocialPlatformTheme/default/umsocial_lw_session.png ... 
2020-05-06 09:00:34 +0000  2391 bytes for ./Payload/StarCharge.app/UMSocialSDKResources.bundle/UMSocialPlatformTheme/default/umsocial_lw_session.png
2020-05-06 09:00:34 +0000  copying file ./Payload/StarCharge.app/UMSocialSDKResources.bundle/UMSocialPlatformTheme/default/umsocial_linkedin.png ... 
2020-05-06 09:00:34 +0000  1637 bytes for ./Payload/StarCharge.app/UMSocialSDKResources.bundle/UMSocialPlatformTheme/default/umsocial_linkedin.png
copying file ./Payload/StarCharge.app/UMSocialSDKResources.bundle/UMSocialPlatformTheme/default/umsocial_yixin_favorite.png ... 
2020-05-06 09:00:34 +0000  4145 bytes for ./Payload/StarCharge.app/UMSocialSDKResources.bundle/UMSocialPlatformTheme/default/umsocial_yixin_favorite.png
2020-05-06 09:00:34 +0000  copying file ./Payload/StarCharge.app/UMSocialSDKResources.bundle/UMSocialPlatformTheme/default/umsocial_youdaonote.png ... 
1158 bytes for ./Payload/StarCharge.app/UMSocialSDKResources.bundle/UMSocialPlatformTheme/default/umsocial_youdaonote.png
copying file ./Payload/StarCharge.app/UMSocialSDKResources.bundle/UMSocialPlatformTheme/default/umsocial_flickr.png ... 
2020-05-06 09:00:34 +0000  979 bytes for ./Payload/StarCharge.app/UMSocialSDKResources.bundle/UMSocialPlatformTheme/default/umsocial_flickr.png
2020-05-06 09:00:34 +0000  copying file ./Payload/StarCharge.app/UMSocialSDKResources.bundle/UMSocialPlatformTheme/default/umsocial_line.png ... 
1720 bytes for ./Payload/StarCharge.app/UMSocialSDKResources.bundle/UMSocialPlatformTheme/default/umsocial_line.png
copying file ./Payload/StarCharge.app/UMSocialSDKResources.bundle/UMSocialPlatformTheme/default/umsocial_email.png ... 
2020-05-06 09:00:34 +0000  1211 bytes for ./Payload/StarCharge.app/UMSocialSDKResources.bundle/UMSocialPlatformTheme/default/umsocial_email.png
2020-05-06 09:00:34 +0000  copying file ./Payload/StarCharge.app/UMSocialSDKResources.bundle/UMSocialPlatformTheme/default/umsocial_sms.png ... 
2020-05-06 09:00:34 +0000  1127 bytes for ./Payload/StarCharge.app/UMSocialSDKResources.bundle/UMSocialPlatformTheme/default/umsocial_sms.png
2020-05-06 09:00:34 +0000  copying file ./Payload/StarCharge.app/UMSocialSDKResources.bundle/UMSocialPlatformTheme/default/umsocial_evernote.png ... 
1267 bytes for ./Payload/StarCharge.app/UMSocialSDKResources.bundle/UMSocialPlatformTheme/default/umsocial_evernote.png
copying file ./Payload/StarCharge.app/UMSocialSDKResources.bundle/UMSocialPlatformTheme/default/umsocial_twitter.png ... 
2020-05-06 09:00:34 +0000  1442 bytes for ./Payload/StarCharge.app/UMSocialSDKResources.bundle/UMSocialPlatformTheme/default/umsocial_twitter.png
2020-05-06 09:00:34 +0000  copying file ./Payload/StarCharge.app/UMSocialSDKResources.bundle/UMSocialPlatformTheme/default/umsocial_whatsapp.png ... 
1832 bytes for ./Payload/StarCharge.app/UMSocialSDKResources.bundle/UMSocialPlatformTheme/default/umsocial_whatsapp.png
copying file ./Payload/StarCharge.app/UMSocialSDKResources.bundle/UMSocialPlatformTheme/default/umsocial_googleplus.png ... 
2020-05-06 09:00:34 +0000  2320 bytes for ./Payload/StarCharge.app/UMSocialSDKResources.bundle/UMSocialPlatformTheme/default/umsocial_googleplus.png
2020-05-06 09:00:34 +0000  copying file ./Payload/StarCharge.app/UMSocialSDKResources.bundle/UMSocialPlatformTheme/default/umsocial_douban.png ... 
813 bytes for ./Payload/StarCharge.app/UMSocialSDKResources.bundle/UMSocialPlatformTheme/default/umsocial_douban.png
copying file ./Payload/StarCharge.app/UMSocialSDKResources.bundle/UMSocialPlatformTheme/default/umsocial_lw_timeline.png ... 
2020-05-06 09:00:34 +0000  1139 bytes for ./Payload/StarCharge.app/UMSocialSDKResources.bundle/UMSocialPlatformTheme/default/umsocial_lw_timeline.png
2020-05-06 09:00:34 +0000  copying file ./Payload/StarCharge.app/UMSocialSDKResources.bundle/UMSocialPlatformTheme/default/umsocial_facebook.png ... 
2020-05-06 09:00:34 +0000  1468 bytes for ./Payload/StarCharge.app/UMSocialSDKResources.bundle/UMSocialPlatformTheme/default/umsocial_facebook.png
copying file ./Payload/StarCharge.app/UMSocialSDKResources.bundle/UMSocialPlatformTheme/default/umsocial_dingding.png ... 
2020-05-06 09:00:34 +0000  1390 bytes for ./Payload/StarCharge.app/UMSocialSDKResources.bundle/UMSocialPlatformTheme/default/umsocial_dingding.png
copying file ./Payload/StarCharge.app/UMSocialSDKResources.bundle/UMSocialPlatformTheme/default/umsocial_wechat.png ... 
2020-05-06 09:00:34 +0000  1628 bytes for ./Payload/StarCharge.app/UMSocialSDKResources.bundle/UMSocialPlatformTheme/default/umsocial_wechat.png
2020-05-06 09:00:34 +0000  copying file ./Payload/StarCharge.app/UMSocialSDKResources.bundle/UMSocialPlatformTheme/default/umsocial_yixin_timeline.png ... 
2020-05-06 09:00:34 +0000  2199 bytes for ./Payload/StarCharge.app/UMSocialSDKResources.bundle/UMSocialPlatformTheme/default/umsocial_yixin_timeline.png
copying file ./Payload/StarCharge.app/UMSocialSDKResources.bundle/UMSocialPlatformTheme/default/umsocial_dropbox.png ... 
2020-05-06 09:00:34 +0000  1692 bytes for ./Payload/StarCharge.app/UMSocialSDKResources.bundle/UMSocialPlatformTheme/default/umsocial_dropbox.png
2020-05-06 09:00:34 +0000  copying file ./Payload/StarCharge.app/UMSocialSDKResources.bundle/UMSocialPlatformTheme/default/umsocial_pocket.png ... 
1405 bytes for ./Payload/StarCharge.app/UMSocialSDKResources.bundle/UMSocialPlatformTheme/default/umsocial_pocket.png
copying file ./Payload/StarCharge.app/UMSocialSDKResources.bundle/UMSocialPlatformTheme/default/umsocial_wechat_timeline.png ... 
2020-05-06 09:00:34 +0000  1506 bytes for ./Payload/StarCharge.app/UMSocialSDKResources.bundle/UMSocialPlatformTheme/default/umsocial_wechat_timeline.png
2020-05-06 09:00:34 +0000  copying file ./Payload/StarCharge.app/UMSocialSDKResources.bundle/UMSocialPlatformTheme/default/umsocial_tencentWB.png ... 
1943 bytes for ./Payload/StarCharge.app/UMSocialSDKResources.bundle/UMSocialPlatformTheme/default/umsocial_tencentWB.png
copying file ./Payload/StarCharge.app/UMSocialSDKResources.bundle/UMSocialPlatformTheme/default/umsocial_wechat_favorite.png ... 
2020-05-06 09:00:34 +0000  1179 bytes for ./Payload/StarCharge.app/UMSocialSDKResources.bundle/UMSocialPlatformTheme/default/umsocial_wechat_favorite.png
copying file ./Payload/StarCharge.app/UMSocialSDKResources.bundle/UMSocialPlatformTheme/default/umsocial_sina.png ... 
2020-05-06 09:00:34 +0000  2581 bytes for ./Payload/StarCharge.app/UMSocialSDKResources.bundle/UMSocialPlatformTheme/default/umsocial_sina.png
2020-05-06 09:00:34 +0000  copying file ./Payload/StarCharge.app/UMSocialSDKResources.bundle/UMSocialPlatformTheme/default/umsocial_tumblr.png ... 
1564 bytes for ./Payload/StarCharge.app/UMSocialSDKResources.bundle/UMSocialPlatformTheme/default/umsocial_tumblr.png
copying file ./Payload/StarCharge.app/UMSocialSDKResources.bundle/UMSocialPlatformTheme/default/umsocial_kakaoTalk.png ... 
2020-05-06 09:00:34 +0000  1893 bytes for ./Payload/StarCharge.app/UMSocialSDKResources.bundle/UMSocialPlatformTheme/default/umsocial_kakaoTalk.png
2020-05-06 09:00:34 +0000  copying file ./Payload/StarCharge.app/UMSocialSDKResources.bundle/UMSocialPlatformTheme/default/umsocial_facebookmessenger.png ... 
1749 bytes for ./Payload/StarCharge.app/UMSocialSDKResources.bundle/UMSocialPlatformTheme/default/umsocial_facebookmessenger.png
copying file ./Payload/StarCharge.app/UMSocialSDKResources.bundle/UMSocialPlatformTheme/default/umsocial_qzone.png ... 
2020-05-06 09:00:34 +0000  2083 bytes for ./Payload/StarCharge.app/UMSocialSDKResources.bundle/UMSocialPlatformTheme/default/umsocial_qzone.png
copying file ./Payload/StarCharge.app/UMSocialSDKResources.bundle/UMSocialPlatformTheme/default/umsocial_qq.png ... 
2020-05-06 09:00:34 +0000  3505 bytes for ./Payload/StarCharge.app/UMSocialSDKResources.bundle/UMSocialPlatformTheme/default/umsocial_qq.png
2020-05-06 09:00:34 +0000  copying file ./Payload/StarCharge.app/UMSocialSDKResources.bundle/UMSocialPlatformTheme/default/umsocial_instagram.png ... 
1952 bytes for ./Payload/StarCharge.app/UMSocialSDKResources.bundle/UMSocialPlatformTheme/default/umsocial_instagram.png
2020-05-06 09:00:34 +0000  copying file ./Payload/StarCharge.app/FeedBackPoupView.nib ... 
2020-05-06 09:00:34 +0000  6264 bytes for ./Payload/StarCharge.app/FeedBackPoupView.nib
copying file ./Payload/StarCharge.app/BesideSrviceItemCell.nib/runtime.nib ... 
2020-05-06 09:00:34 +0000  3564 bytes for ./Payload/StarCharge.app/BesideSrviceItemCell.nib/runtime.nib
2020-05-06 09:00:34 +0000  copying file ./Payload/StarCharge.app/BesideSrviceItemCell.nib/objects-12.3+.nib ... 
2020-05-06 09:00:34 +0000  3769 bytes for ./Payload/StarCharge.app/BesideSrviceItemCell.nib/objects-12.3+.nib
copying file ./Payload/StarCharge.app/MineUserinfoCell.nib ... 
2020-05-06 09:00:34 +0000  7260 bytes for ./Payload/StarCharge.app/MineUserinfoCell.nib
copying file ./Payload/StarCharge.app/AppIcon60x60@2x.png ... 
2020-05-06 09:00:34 +0000  10448 bytes for ./Payload/StarCharge.app/AppIcon60x60@2x.png
2020-05-06 09:00:34 +0000  copying file ./Payload/StarCharge.app/IQKeyboardManager.bundle/IQButtonBarArrowRight@2x.png ... 
1786 bytes for ./Payload/StarCharge.app/IQKeyboardManager.bundle/IQButtonBarArrowRight@2x.png
2020-05-06 09:00:34 +0000  copying file ./Payload/StarCharge.app/IQKeyboardManager.bundle/IQButtonBarArrowUp@3x.png ... 
2164 bytes for ./Payload/StarCharge.app/IQKeyboardManager.bundle/IQButtonBarArrowUp@3x.png
copying file ./Payload/StarCharge.app/IQKeyboardManager.bundle/IQButtonBarArrowUp@2x.png ... 
2020-05-06 09:00:34 +0000  1769 bytes for ./Payload/StarCharge.app/IQKeyboardManager.bundle/IQButtonBarArrowUp@2x.png
copying file ./Payload/StarCharge.app/IQKeyboardManager.bundle/IQButtonBarArrowRight@3x.png ... 
2020-05-06 09:00:34 +0000  1844 bytes for ./Payload/StarCharge.app/IQKeyboardManager.bundle/IQButtonBarArrowRight@3x.png
copying file ./Payload/StarCharge.app/IQKeyboardManager.bundle/IQButtonBarArrowLeft@3x.png ... 
2020-05-06 09:00:34 +0000  1815 bytes for ./Payload/StarCharge.app/IQKeyboardManager.bundle/IQButtonBarArrowLeft@3x.png
copying file ./Payload/StarCharge.app/IQKeyboardManager.bundle/IQButtonBarArrowDown@3x.png ... 
2020-05-06 09:00:34 +0000  2177 bytes for ./Payload/StarCharge.app/IQKeyboardManager.bundle/IQButtonBarArrowDown@3x.png
copying file ./Payload/StarCharge.app/IQKeyboardManager.bundle/IQButtonBarArrowDown@2x.png ... 
2020-05-06 09:00:34 +0000  1764 bytes for ./Payload/StarCharge.app/IQKeyboardManager.bundle/IQButtonBarArrowDown@2x.png
copying file ./Payload/StarCharge.app/IQKeyboardManager.bundle/IQButtonBarArrowLeft@2x.png ... 
2020-05-06 09:00:34 +0000  1793 bytes for ./Payload/StarCharge.app/IQKeyboardManager.bundle/IQButtonBarArrowLeft@2x.png
copying file ./Payload/StarCharge.app/WaitPayOrderView.nib ... 
2020-05-06 09:00:34 +0000  8330 bytes for ./Payload/StarCharge.app/WaitPayOrderView.nib
2020-05-06 09:00:34 +0000  copying file ./Payload/StarCharge.app/SystemNoticeListCell.nib ... 
2020-05-06 09:00:34 +0000  3375 bytes for ./Payload/StarCharge.app/SystemNoticeListCell.nib
copying file ./Payload/StarCharge.app/LaunchImages.jpg ... 
2020-05-06 09:00:34 +0000  321885 bytes for ./Payload/StarCharge.app/LaunchImages.jpg
2020-05-06 09:00:34 +0000  copying file ./Payload/StarCharge.app/zbar-help.html ... 
3443 bytes for ./Payload/StarCharge.app/zbar-help.html
copying file ./Payload/StarCharge.app/LaunchImage-800-667h@2x.png ... 
2020-05-06 09:00:34 +0000  44771 bytes for ./Payload/StarCharge.app/LaunchImage-800-667h@2x.png
2020-05-06 09:00:34 +0000  copying file ./Payload/StarCharge.app/TZImagePickerController.bundle/takePicture@2x.png ... 
4506 bytes for ./Payload/StarCharge.app/TZImagePickerController.bundle/takePicture@2x.png
2020-05-06 09:00:34 +0000  copying file ./Payload/StarCharge.app/TZImagePickerController.bundle/zh-Hans.lproj/Localizable.strings ... 
1902 bytes for ./Payload/StarCharge.app/TZImagePickerController.bundle/zh-Hans.lproj/Localizable.strings
2020-05-06 09:00:34 +0000  copying file ./Payload/StarCharge.app/TZImagePickerController.bundle/photo_sel_photoPickerVc@2x.png ... 
1699 bytes for ./Payload/StarCharge.app/TZImagePickerController.bundle/photo_sel_photoPickerVc@2x.png
copying file ./Payload/StarCharge.app/TZImagePickerController.bundle/en.lproj/Localizable.strings ... 
2020-05-06 09:00:34 +0000  2576 bytes for ./Payload/StarCharge.app/TZImagePickerController.bundle/en.lproj/Localizable.strings
copying file ./Payload/StarCharge.app/TZImagePickerController.bundle/MMVideoPreviewPlayHL@2x.png ... 
2020-05-06 09:00:34 +0000  3645 bytes for ./Payload/StarCharge.app/TZImagePickerController.bundle/MMVideoPreviewPlayHL@2x.png
copying file ./Payload/StarCharge.app/TZImagePickerController.bundle/photo_sel_previewVc@2x.png ... 
2020-05-06 09:00:34 +0000  1183 bytes for ./Payload/StarCharge.app/TZImagePickerController.bundle/photo_sel_previewVc@2x.png
copying file ./Payload/StarCharge.app/TZImagePickerController.bundle/MMVideoPreviewPlay@2x.png ... 
2020-05-06 09:00:34 +0000  3645 bytes for ./Payload/StarCharge.app/TZImagePickerController.bundle/MMVideoPreviewPlay@2x.png
copying file ./Payload/StarCharge.app/TZImagePickerController.bundle/preview_original_def@2x.png ... 
392 bytes for ./Payload/StarCharge.app/TZImagePickerController.bundle/preview_original_def@2x.png
copying file ./Payload/StarCharge.app/TZImagePickerController.bundle/photo_def_previewVc@2x.png ... 
2020-05-06 09:00:34 +0000  1155 bytes for ./Payload/StarCharge.app/TZImagePickerController.bundle/photo_def_previewVc@2x.png
copying file ./Payload/StarCharge.app/TZImagePickerController.bundle/photo_original_sel@2x.png ... 
2020-05-06 09:00:34 +0000  620 bytes for ./Payload/StarCharge.app/TZImagePickerController.bundle/photo_original_sel@2x.png
copying file ./Payload/StarCharge.app/TZImagePickerController.bundle/photo_def_photoPickerVc@2x.png ... 
2020-05-06 09:00:34 +0000  1708 bytes for ./Payload/StarCharge.app/TZImagePickerController.bundle/photo_def_photoPickerVc@2x.png
copying file ./Payload/StarCharge.app/TZImagePickerController.bundle/TableViewArrow@2x.png ... 
2020-05-06 09:00:34 +0000  299 bytes for ./Payload/StarCharge.app/TZImagePickerController.bundle/TableViewArrow@2x.png
2020-05-06 09:00:34 +0000  copying file ./Payload/StarCharge.app/TZImagePickerController.bundle/preview_number_icon@2x.png ... 
2020-05-06 09:00:34 +0000  501 bytes for ./Payload/StarCharge.app/TZImagePickerController.bundle/preview_number_icon@2x.png
copying file ./Payload/StarCharge.app/TZImagePickerController.bundle/navi_back@2x.png ... 
116 bytes for ./Payload/StarCharge.app/TZImagePickerController.bundle/navi_back@2x.png
copying file ./Payload/StarCharge.app/TZImagePickerController.bundle/photo_original_def@2x.png ... 
2020-05-06 09:00:34 +0000  1602 bytes for ./Payload/StarCharge.app/TZImagePickerController.bundle/photo_original_def@2x.png
copying file ./Payload/StarCharge.app/TZImagePickerController.bundle/Root.plist ... 
2020-05-06 09:00:34 +0000  1456 bytes for ./Payload/StarCharge.app/TZImagePickerController.bundle/Root.plist
copying file ./Payload/StarCharge.app/TZImagePickerController.bundle/photo_number_icon@2x.png ... 
2020-05-06 09:00:34 +0000  501 bytes for ./Payload/StarCharge.app/TZImagePickerController.bundle/photo_number_icon@2x.png
copying file ./Payload/StarCharge.app/TZImagePickerController.bundle/VideoSendIcon@2x.png ... 
223 bytes for ./Payload/StarCharge.app/TZImagePickerController.bundle/VideoSendIcon@2x.png
2020-05-06 09:00:34 +0000  copying file ./Payload/StarCharge.app/MineViewController.nib ... 
2020-05-06 09:00:34 +0000  19325 bytes for ./Payload/StarCharge.app/MineViewController.nib
copying file ./Payload/StarCharge.app/zbar-back.png ... 
2020-05-06 09:00:34 +0000  319 bytes for ./Payload/StarCharge.app/zbar-back.png
copying file ./Payload/StarCharge.app/PayTypeInfoCell.nib ... 
2020-05-06 09:00:34 +0000  7470 bytes for ./Payload/StarCharge.app/PayTypeInfoCell.nib
copying file ./Payload/StarCharge.app/AppIcon60x60@3x.png ... 
2020-05-06 09:00:34 +0000  17108 bytes for ./Payload/StarCharge.app/AppIcon60x60@3x.png
2020-05-06 09:00:34 +0000  copying file ./Payload/StarCharge.app/Base.lproj/Main.storyboardc/UIViewController-BYZ-38-t0r.nib ... 
2020-05-06 09:00:34 +0000  916 bytes for ./Payload/StarCharge.app/Base.lproj/Main.storyboardc/UIViewController-BYZ-38-t0r.nib
copying file ./Payload/StarCharge.app/Base.lproj/Main.storyboardc/BYZ-38-t0r-view-8bC-Xf-vdC.nib ... 
2020-05-06 09:00:34 +0000  1831 bytes for ./Payload/StarCharge.app/Base.lproj/Main.storyboardc/BYZ-38-t0r-view-8bC-Xf-vdC.nib
copying file ./Payload/StarCharge.app/Base.lproj/Main.storyboardc/Info.plist ... 
258 bytes for ./Payload/StarCharge.app/Base.lproj/Main.storyboardc/Info.plist
2020-05-06 09:00:34 +0000  copying file ./Payload/StarCharge.app/Base.lproj/LaunchScreen.storyboardc/01J-lp-oVM-view-Ze5-6b-2t3.nib ... 
1832 bytes for ./Payload/StarCharge.app/Base.lproj/LaunchScreen.storyboardc/01J-lp-oVM-view-Ze5-6b-2t3.nib
copying file ./Payload/StarCharge.app/Base.lproj/LaunchScreen.storyboardc/UIViewController-01J-lp-oVM.nib ... 
2020-05-06 09:00:34 +0000  896 bytes for ./Payload/StarCharge.app/Base.lproj/LaunchScreen.storyboardc/UIViewController-01J-lp-oVM.nib
copying file ./Payload/StarCharge.app/Base.lproj/LaunchScreen.storyboardc/Info.plist ... 
2020-05-06 09:00:34 +0000  258 bytes for ./Payload/StarCharge.app/Base.lproj/LaunchScreen.storyboardc/Info.plist
copying file ./Payload/StarCharge.app/FeedBackAdditionalListCell.nib ... 
2020-05-06 09:00:34 +0000  3789 bytes for ./Payload/StarCharge.app/FeedBackAdditionalListCell.nib
copying file ./Payload/StarCharge.app/Assets.car ... 
2020-05-06 09:00:34 +0000  17287384 bytes for ./Payload/StarCharge.app/Assets.car
2020-05-06 09:00:34 +0000  copying file ./Payload/StarCharge.app/ChargeMoneyPopViewCell.nib ... 
3575 bytes for ./Payload/StarCharge.app/ChargeMoneyPopViewCell.nib
copying file ./Payload/StarCharge.app/ChargeSectionHeaderView.nib ... 
2020-05-06 09:00:34 +0000  6642 bytes for ./Payload/StarCharge.app/ChargeSectionHeaderView.nib
2020-05-06 09:00:34 +0000  copying file ./Payload/StarCharge.app/StubGroupDetailFooterView.nib ... 
2020-05-06 09:00:34 +0000  4825 bytes for ./Payload/StarCharge.app/StubGroupDetailFooterView.nib
copying file ./Payload/StarCharge.app/LaunchImage-800-Portrait-736h@3x.png ... 
2020-05-06 09:00:34 +0000  81113 bytes for ./Payload/StarCharge.app/LaunchImage-800-Portrait-736h@3x.png
copying file ./Payload/StarCharge.app/FeedBackListCell.nib ... 
2020-05-06 09:00:34 +0000  3444 bytes for ./Payload/StarCharge.app/FeedBackListCell.nib
copying file ./Payload/StarCharge.app/ChargeStartHeadView.nib ... 
2020-05-06 09:00:34 +0000  2966 bytes for ./Payload/StarCharge.app/ChargeStartHeadView.nib
copying file ./Payload/StarCharge.app/LaunchImage-700@2x.png ... 
2020-05-06 09:00:34 +0000  38284 bytes for ./Payload/StarCharge.app/LaunchImage-700@2x.png
copying file ./Payload/StarCharge.app/BesideServiceCell.nib ... 
2020-05-06 09:00:34 +0000  3431 bytes for ./Payload/StarCharge.app/BesideServiceCell.nib
copying file ./Payload/StarCharge.app/LaunchImage-700-568h@2x.png ... 
2020-05-06 09:00:34 +0000  38474 bytes for ./Payload/StarCharge.app/LaunchImage-700-568h@2x.png
copying file ./Payload/StarCharge.app/StarCharge ... 
2020-05-06 09:00:36 +0000  19928336 bytes for ./Payload/StarCharge.app/StarCharge
2020-05-06 09:00:36 +0000  copying file ./Payload/StarCharge.app/ChargePayPopViewCell.nib ... 
3506 bytes for ./Payload/StarCharge.app/ChargePayPopViewCell.nib
2020-05-06 09:00:36 +0000  copying file ./Payload/StarCharge.app/README.txt ... 
2928 bytes for ./Payload/StarCharge.app/README.txt
2020-05-06 09:00:36 +0000  copying file ./Payload/StarCharge.app/AccountInfoView.nib ... 
2020-05-06 09:00:36 +0000  5578 bytes for ./Payload/StarCharge.app/AccountInfoView.nib
2020-05-06 09:00:36 +0000  copying file ./Payload/StarCharge.app/ActivityCenterListCell.nib ... 
2020-05-06 09:00:36 +0000  4737 bytes for ./Payload/StarCharge.app/ActivityCenterListCell.nib
copying file ./Payload/StarCharge.app/StubListCell.nib ... 
2020-05-06 09:00:36 +0000  10396 bytes for ./Payload/StarCharge.app/StubListCell.nib
copying file ./Payload/StarCharge.app/MyFeedBackListCell.nib ... 
2020-05-06 09:00:36 +0000  4160 bytes for ./Payload/StarCharge.app/MyFeedBackListCell.nib
copying file ./Payload/StarCharge.app/embedded.mobileprovision ... 
2020-05-06 09:00:36 +0000  10409 bytes for ./Payload/StarCharge.app/embedded.mobileprovision
copying file ./Payload/StarCharge.app/LocationAnnotationView.nib ... 
2020-05-06 09:00:36 +0000  2672 bytes for ./Payload/StarCharge.app/LocationAnnotationView.nib
copying file ./Payload/StarCharge.app/charging_loading.gif ... 
2020-05-06 09:00:36 +0000  60252 bytes for ./Payload/StarCharge.app/charging_loading.gif
2020-05-06 09:00:36 +0000  copying file ./Payload/StarCharge.app/Info.plist ... 
3185 bytes for ./Payload/StarCharge.app/Info.plist
copying file ./Payload/StarCharge.app/HomePagePopView.nib ... 
2020-05-06 09:00:36 +0000  2379 bytes for ./Payload/StarCharge.app/HomePagePopView.nib
copying file ./Payload/StarCharge.app/PkgInfo ... 
8 bytes for ./Payload/StarCharge.app/PkgInfo
copying file ./Payload/StarCharge.app/FeedBackAddtionalCell.nib ... 
2020-05-06 09:00:36 +0000  4325 bytes for ./Payload/StarCharge.app/FeedBackAddtionalCell.nib
copying file ./Payload/StarCharge.app/MyCardView.nib ... 
2020-05-06 09:00:36 +0000  3202 bytes for ./Payload/StarCharge.app/MyCardView.nib
2020-05-06 09:00:36 +0000  copying file ./Payload/StarCharge.app/Mine.storyboardc/MyInfoViewController.nib/objects-11.0+.nib ... 
995 bytes for ./Payload/StarCharge.app/Mine.storyboardc/MyInfoViewController.nib/objects-11.0+.nib
2020-05-06 09:00:36 +0000  copying file ./Payload/StarCharge.app/Mine.storyboardc/MyInfoViewController.nib/runtime.nib ... 
995 bytes for ./Payload/StarCharge.app/Mine.storyboardc/MyInfoViewController.nib/runtime.nib
copying file ./Payload/StarCharge.app/Mine.storyboardc/StatementViewController.nib/objects-11.0+.nib ... 
2020-05-06 09:00:36 +0000  998 bytes for ./Payload/StarCharge.app/Mine.storyboardc/StatementViewController.nib/objects-11.0+.nib
copying file ./Payload/StarCharge.app/Mine.storyboardc/StatementViewController.nib/runtime.nib ... 
2020-05-06 09:00:36 +0000  998 bytes for ./Payload/StarCharge.app/Mine.storyboardc/StatementViewController.nib/runtime.nib
copying file ./Payload/StarCharge.app/Mine.storyboardc/G0b-48-JMo-view-06Y-yg-sqr.nib/objects-11.0+.nib ... 
2020-05-06 09:00:36 +0000  23631 bytes for ./Payload/StarCharge.app/Mine.storyboardc/G0b-48-JMo-view-06Y-yg-sqr.nib/objects-11.0+.nib
copying file ./Payload/StarCharge.app/Mine.storyboardc/G0b-48-JMo-view-06Y-yg-sqr.nib/runtime.nib ... 
2020-05-06 09:00:36 +0000  23759 bytes for ./Payload/StarCharge.app/Mine.storyboardc/G0b-48-JMo-view-06Y-yg-sqr.nib/runtime.nib
2020-05-06 09:00:36 +0000  copying file ./Payload/StarCharge.app/Mine.storyboardc/NoticeCenterViewController.nib/objects-11.0+.nib ... 
1001 bytes for ./Payload/StarCharge.app/Mine.storyboardc/NoticeCenterViewController.nib/objects-11.0+.nib
copying file ./Payload/StarCharge.app/Mine.storyboardc/NoticeCenterViewController.nib/runtime.nib ... 
2020-05-06 09:00:36 +0000  1001 bytes for ./Payload/StarCharge.app/Mine.storyboardc/NoticeCenterViewController.nib/runtime.nib
copying file ./Payload/StarCharge.app/Mine.storyboardc/FedBackViewController.nib/objects-11.0+.nib ... 
2020-05-06 09:00:36 +0000  996 bytes for ./Payload/StarCharge.app/Mine.storyboardc/FedBackViewController.nib/objects-11.0+.nib
copying file ./Payload/StarCharge.app/Mine.storyboardc/FedBackViewController.nib/runtime.nib ... 
2020-05-06 09:00:36 +0000  996 bytes for ./Payload/StarCharge.app/Mine.storyboardc/FedBackViewController.nib/runtime.nib
copying file ./Payload/StarCharge.app/Mine.storyboardc/6ZJ-S4-NcV-view-fn7-gI-fyq.nib/objects-11.0+.nib ... 
2020-05-06 09:00:36 +0000  3903 bytes for ./Payload/StarCharge.app/Mine.storyboardc/6ZJ-S4-NcV-view-fn7-gI-fyq.nib/objects-11.0+.nib
copying file ./Payload/StarCharge.app/Mine.storyboardc/6ZJ-S4-NcV-view-fn7-gI-fyq.nib/runtime.nib ... 
2020-05-06 09:00:36 +0000  4032 bytes for ./Payload/StarCharge.app/Mine.storyboardc/6ZJ-S4-NcV-view-fn7-gI-fyq.nib/runtime.nib
2020-05-06 09:00:36 +0000  copying file ./Payload/StarCharge.app/Mine.storyboardc/WBK-qT-UrL-view-HdB-IR-fab.nib/objects-11.0+.nib ... 
2020-05-06 09:00:36 +0000  12204 bytes for ./Payload/StarCharge.app/Mine.storyboardc/WBK-qT-UrL-view-HdB-IR-fab.nib/objects-11.0+.nib
copying file ./Payload/StarCharge.app/Mine.storyboardc/WBK-qT-UrL-view-HdB-IR-fab.nib/runtime.nib ... 
2020-05-06 09:00:36 +0000  12286 bytes for ./Payload/StarCharge.app/Mine.storyboardc/WBK-qT-UrL-view-HdB-IR-fab.nib/runtime.nib
2020-05-06 09:00:36 +0000  copying file ./Payload/StarCharge.app/Mine.storyboardc/Hdz-rP-Yi3-view-ioO-rZ-tyq.nib/objects-11.0+.nib ... 
2020-05-06 09:00:36 +0000  8611 bytes for ./Payload/StarCharge.app/Mine.storyboardc/Hdz-rP-Yi3-view-ioO-rZ-tyq.nib/objects-11.0+.nib
2020-05-06 09:00:36 +0000  copying file ./Payload/StarCharge.app/Mine.storyboardc/Hdz-rP-Yi3-view-ioO-rZ-tyq.nib/runtime.nib ... 
2020-05-06 09:00:36 +0000  8692 bytes for ./Payload/StarCharge.app/Mine.storyboardc/Hdz-rP-Yi3-view-ioO-rZ-tyq.nib/runtime.nib
2020-05-06 09:00:36 +0000  copying file ./Payload/StarCharge.app/Mine.storyboardc/ChargeOrderDetailTableController.nib/objects-11.0+.nib ... 
1007 bytes for ./Payload/StarCharge.app/Mine.storyboardc/ChargeOrderDetailTableController.nib/objects-11.0+.nib
copying file ./Payload/StarCharge.app/Mine.storyboardc/ChargeOrderDetailTableController.nib/runtime.nib ... 
2020-05-06 09:00:36 +0000  1007 bytes for ./Payload/StarCharge.app/Mine.storyboardc/ChargeOrderDetailTableController.nib/runtime.nib
copying file ./Payload/StarCharge.app/Mine.storyboardc/2qh-Nu-KdR-view-Na0-lC-Bo0.nib/objects-11.0+.nib ... 
2020-05-06 09:00:36 +0000  6474 bytes for ./Payload/StarCharge.app/Mine.storyboardc/2qh-Nu-KdR-view-Na0-lC-Bo0.nib/objects-11.0+.nib
copying file ./Payload/StarCharge.app/Mine.storyboardc/2qh-Nu-KdR-view-Na0-lC-Bo0.nib/runtime.nib ... 
2020-05-06 09:00:36 +0000  6543 bytes for ./Payload/StarCharge.app/Mine.storyboardc/2qh-Nu-KdR-view-Na0-lC-Bo0.nib/runtime.nib
2020-05-06 09:00:36 +0000  copying file ./Payload/StarCharge.app/Mine.storyboardc/ChargingTableViewController.nib/objects-11.0+.nib ... 
2020-05-06 09:00:36 +0000  1002 bytes for ./Payload/StarCharge.app/Mine.storyboardc/ChargingTableViewController.nib/objects-11.0+.nib
copying file ./Payload/StarCharge.app/Mine.storyboardc/ChargingTableViewController.nib/runtime.nib ... 
1002 bytes for ./Payload/StarCharge.app/Mine.storyboardc/ChargingTableViewController.nib/runtime.nib
2020-05-06 09:00:36 +0000  copying file ./Payload/StarCharge.app/Mine.storyboardc/Info.plist ... 
490 bytes for ./Payload/StarCharge.app/Mine.storyboardc/Info.plist
2020-05-06 09:00:36 +0000  copying file ./Payload/StarCharge.app/Mine.storyboardc/rWd-rE-aVq-view-Kcb-7t-Geu.nib/objects-11.0+.nib ... 
2020-05-06 09:00:36 +0000  15629 bytes for ./Payload/StarCharge.app/Mine.storyboardc/rWd-rE-aVq-view-Kcb-7t-Geu.nib/objects-11.0+.nib
copying file ./Payload/StarCharge.app/Mine.storyboardc/rWd-rE-aVq-view-Kcb-7t-Geu.nib/runtime.nib ... 
2020-05-06 09:00:36 +0000  15738 bytes for ./Payload/StarCharge.app/Mine.storyboardc/rWd-rE-aVq-view-Kcb-7t-Geu.nib/runtime.nib
2020-05-06 09:00:36 +0000  /usr/bin/ditto exited with 0
2020-05-06 09:00:36 +0000  Processing step: IDEDistributionAppStoreInformationStep
2020-05-06 09:00:36 +0000  Skipping step: IDEDistributionAppStoreInformationStep because it said so
2020-05-06 09:00:36 +0000  Processing step: IDEDistributionGenerateProcessedDistributionItems
2020-05-06 09:00:36 +0000  Processing step: IDEDistributionCreateManifestStep
